2024-11-22 14:07:00.706 +01:00 [INF] Now listening on: https://localhost:7217
2024-11-22 14:07:00.717 +01:00 [INF] Now listening on: http://localhost:5244
2024-11-22 14:07:00.726 +01:00 [INF] Application started. Press Ctrl+C to shut down.
2024-11-22 14:07:00.729 +01:00 [INF] Hosting environment: Development
2024-11-22 14:07:00.731 +01:00 [INF] Content root path: C:\Users\tine_\OneDrive\Skrivebord\ITPE-Eksamen\sub2\FoodRegistration\FoodRegistrationReact\api
2024-11-22 14:07:07.491 +01:00 [INF] Request starting HTTP/1.1 GET http://localhost:5244/api/itemapi/items - null null
2024-11-22 14:07:07.550 +01:00 [INF] CORS policy execution successful.
2024-11-22 14:07:07.553 +01:00 [INF] Executing endpoint 'FoodRegistration.Controllers.ItemAPIController.GetItems (api)'
2024-11-22 14:07:07.573 +01:00 [INF] Route matched with {action = "GetItems", controller = "ItemAPI"}. Executing controller action with signature System.Threading.Tasks.Task`1[Microsoft.AspNetCore.Mvc.IActionResult] GetItems() on controller FoodRegistration.Controllers.ItemAPIController (api).
2024-11-22 14:07:07.808 +01:00 [INF] Executing OkObjectResult, writing value of type 'System.Linq.Enumerable+SelectListIterator`2[[FoodRegistration.Models.Item, api, Version=1.0.0.0, Culture=neutral, PublicKeyToken=null],[FoodRegistration.DTOs.ItemDto, api, Version=1.0.0.0, Culture=neutral, PublicKeyToken=null]]'.
2024-11-22 14:07:07.978 +01:00 [INF] Request starting HTTP/1.1 GET http://localhost:5244/api/itemapi/items - null null
2024-11-22 14:07:07.978 +01:00 [INF] Executed action FoodRegistration.Controllers.ItemAPIController.GetItems (api) in 399.8882ms
2024-11-22 14:07:07.981 +01:00 [INF] Executed endpoint 'FoodRegistration.Controllers.ItemAPIController.GetItems (api)'
2024-11-22 14:07:07.983 +01:00 [INF] CORS policy execution successful.
2024-11-22 14:07:07.983 +01:00 [INF] Executing endpoint 'FoodRegistration.Controllers.ItemAPIController.GetItems (api)'
2024-11-22 14:07:07.983 +01:00 [INF] Route matched with {action = "GetItems", controller = "ItemAPI"}. Executing controller action with signature System.Threading.Tasks.Task`1[Microsoft.AspNetCore.Mvc.IActionResult] GetItems() on controller FoodRegistration.Controllers.ItemAPIController (api).
2024-11-22 14:07:07.989 +01:00 [INF] Request starting HTTP/1.1 GET http://localhost:5244/images/banana.jpg - null null
2024-11-22 14:07:08.000 +01:00 [INF] Request starting HTTP/1.1 GET http://localhost:5244/images/apple.jpg - null null
2024-11-22 14:07:08.002 +01:00 [INF] Request finished HTTP/1.1 GET http://localhost:5244/api/itemapi/items - 200 768 application/json; charset=utf-8 514.9206ms
2024-11-22 14:07:08.015 +01:00 [INF] Request finished HTTP/1.1 GET http://localhost:5244/images/banana.jpg - 404 0 null 28.0146ms
2024-11-22 14:07:08.015 +01:00 [INF] Request finished HTTP/1.1 GET http://localhost:5244/images/apple.jpg - 404 0 null 15.6301ms
2024-11-22 14:07:08.016 +01:00 [INF] Request reached the end of the middleware pipeline without being handled by application code. Request path: GET http://localhost:5244/images/banana.jpg, Response status code: 404
2024-11-22 14:07:08.016 +01:00 [INF] Request reached the end of the middleware pipeline without being handled by application code. Request path: GET http://localhost:5244/images/apple.jpg, Response status code: 404
2024-11-22 14:07:08.065 +01:00 [INF] Executing OkObjectResult, writing value of type 'System.Linq.Enumerable+SelectListIterator`2[[FoodRegistration.Models.Item, api, Version=1.0.0.0, Culture=neutral, PublicKeyToken=null],[FoodRegistration.DTOs.ItemDto, api, Version=1.0.0.0, Culture=neutral, PublicKeyToken=null]]'.
2024-11-22 14:07:08.066 +01:00 [INF] Executed action FoodRegistration.Controllers.ItemAPIController.GetItems (api) in 82.6294ms
2024-11-22 14:07:08.067 +01:00 [INF] Executed endpoint 'FoodRegistration.Controllers.ItemAPIController.GetItems (api)'
2024-11-22 14:07:08.067 +01:00 [INF] Request finished HTTP/1.1 GET http://localhost:5244/api/itemapi/items - 200 768 application/json; charset=utf-8 89.4594ms
