2024-11-22 12:38:19.820 +01:00 [INF] Now listening on: https://localhost:7217
2024-11-22 12:38:19.835 +01:00 [INF] Now listening on: http://localhost:5244
2024-11-22 12:38:19.843 +01:00 [INF] Application started. Press Ctrl+C to shut down.
2024-11-22 12:38:19.848 +01:00 [INF] Hosting environment: Development
2024-11-22 12:38:19.851 +01:00 [INF] Content root path: C:\Users\tine_\OneDrive\Skrivebord\ITPE-Eksamen\sub2\FoodRegistration\FoodRegistrationReact\api
2024-11-22 12:45:08.978 +01:00 [INF] Request starting HTTP/1.1 GET http://localhost:5244/api/itemapi/items - null null
2024-11-22 12:45:09.093 +01:00 [INF] CORS policy execution successful.
2024-11-22 12:45:09.096 +01:00 [INF] Executing endpoint 'FoodRegistration.Controllers.ItemAPIController.GetItems (api)'
2024-11-22 12:45:09.128 +01:00 [INF] Route matched with {action = "GetItems", controller = "ItemAPI"}. Executing controller action with signature System.Threading.Tasks.Task`1[Microsoft.AspNetCore.Mvc.IActionResult] GetItems() on controller FoodRegistration.Controllers.ItemAPIController (api).
2024-11-22 12:45:09.521 +01:00 [INF] Executing OkObjectResult, writing value of type 'System.Linq.Enumerable+SelectListIterator`2[[FoodRegistration.Models.Item, api, Version=1.0.0.0, Culture=neutral, PublicKeyToken=null],[FoodRegistration.DTOs.ItemDto, api, Version=1.0.0.0, Culture=neutral, PublicKeyToken=null]]'.
2024-11-22 12:45:09.680 +01:00 [INF] Executed action FoodRegistration.Controllers.ItemAPIController.GetItems (api) in 545.0184ms
2024-11-22 12:45:09.685 +01:00 [INF] Executed endpoint 'FoodRegistration.Controllers.ItemAPIController.GetItems (api)'
2024-11-22 12:45:09.692 +01:00 [INF] Request starting HTTP/1.1 GET http://localhost:5244/api/itemapi/items - null null
2024-11-22 12:45:09.700 +01:00 [INF] CORS policy execution successful.
2024-11-22 12:45:09.700 +01:00 [INF] Executing endpoint 'FoodRegistration.Controllers.ItemAPIController.GetItems (api)'
2024-11-22 12:45:09.701 +01:00 [INF] Route matched with {action = "GetItems", controller = "ItemAPI"}. Executing controller action with signature System.Threading.Tasks.Task`1[Microsoft.AspNetCore.Mvc.IActionResult] GetItems() on controller FoodRegistration.Controllers.ItemAPIController (api).
2024-11-22 12:45:09.709 +01:00 [INF] Request finished HTTP/1.1 GET http://localhost:5244/api/itemapi/items - 200 364 application/json; charset=utf-8 737.7403ms
2024-11-22 12:45:09.776 +01:00 [INF] Executing OkObjectResult, writing value of type 'System.Linq.Enumerable+SelectListIterator`2[[FoodRegistration.Models.Item, api, Version=1.0.0.0, Culture=neutral, PublicKeyToken=null],[FoodRegistration.DTOs.ItemDto, api, Version=1.0.0.0, Culture=neutral, PublicKeyToken=null]]'.
2024-11-22 12:45:09.777 +01:00 [INF] Executed action FoodRegistration.Controllers.ItemAPIController.GetItems (api) in 76.1016ms
2024-11-22 12:45:09.777 +01:00 [INF] Executed endpoint 'FoodRegistration.Controllers.ItemAPIController.GetItems (api)'
2024-11-22 12:45:09.778 +01:00 [INF] Request finished HTTP/1.1 GET http://localhost:5244/api/itemapi/items - 200 364 application/json; charset=utf-8 86.0033ms
