2024-11-22 14:31:27.969 +01:00 [INF] Now listening on: https://localhost:7217
2024-11-22 14:31:27.977 +01:00 [INF] Now listening on: http://localhost:5244
2024-11-22 14:31:27.984 +01:00 [INF] Application started. Press Ctrl+C to shut down.
2024-11-22 14:31:27.986 +01:00 [INF] Hosting environment: Development
2024-11-22 14:31:27.988 +01:00 [INF] Content root path: C:\Users\tine_\OneDrive\Skrivebord\ITPE-Eksamen\sub2\FoodRegistration\FoodRegistrationReact\api
2024-11-22 14:32:22.180 +01:00 [INF] Request starting HTTP/1.1 GET http://localhost:5244/api/itemapi/items - null null
2024-11-22 14:32:22.247 +01:00 [INF] CORS policy execution successful.
2024-11-22 14:32:22.251 +01:00 [INF] Executing endpoint 'FoodRegistration.Controllers.ItemAPIController.GetItems (api)'
2024-11-22 14:32:22.275 +01:00 [INF] Route matched with {action = "GetItems", controller = "ItemAPI"}. Executing controller action with signature System.Threading.Tasks.Task`1[Microsoft.AspNetCore.Mvc.IActionResult] GetItems() on controller FoodRegistration.Controllers.ItemAPIController (api).
2024-11-22 14:32:22.568 +01:00 [INF] Executing OkObjectResult, writing value of type 'System.Linq.Enumerable+SelectListIterator`2[[FoodRegistration.Models.Item, api, Version=1.0.0.0, Culture=neutral, PublicKeyToken=null],[FoodRegistration.DTOs.ItemDto, api, Version=1.0.0.0, Culture=neutral, PublicKeyToken=null]]'.
2024-11-22 14:32:22.714 +01:00 [INF] Executed action FoodRegistration.Controllers.ItemAPIController.GetItems (api) in 426.0771ms
2024-11-22 14:32:22.716 +01:00 [INF] Request starting HTTP/1.1 GET http://localhost:5244/images/banana.jpg - null null
2024-11-22 14:32:22.714 +01:00 [INF] Request starting HTTP/1.1 GET http://localhost:5244/api/itemapi/items - null null
2024-11-22 14:32:22.714 +01:00 [INF] Request starting HTTP/1.1 GET http://localhost:5244/images/apple.jpg - null null
2024-11-22 14:32:22.721 +01:00 [INF] Executed endpoint 'FoodRegistration.Controllers.ItemAPIController.GetItems (api)'
2024-11-22 14:32:22.724 +01:00 [INF] CORS policy execution successful.
2024-11-22 14:32:22.724 +01:00 [INF] Executing endpoint 'FoodRegistration.Controllers.ItemAPIController.GetItems (api)'
2024-11-22 14:32:22.726 +01:00 [INF] Route matched with {action = "GetItems", controller = "ItemAPI"}. Executing controller action with signature System.Threading.Tasks.Task`1[Microsoft.AspNetCore.Mvc.IActionResult] GetItems() on controller FoodRegistration.Controllers.ItemAPIController (api).
2024-11-22 14:32:22.761 +01:00 [INF] Request finished HTTP/1.1 GET http://localhost:5244/images/apple.jpg - 404 0 null 47.0117ms
2024-11-22 14:32:22.761 +01:00 [INF] Request finished HTTP/1.1 GET http://localhost:5244/images/banana.jpg - 404 0 null 47.0729ms
2024-11-22 14:32:22.763 +01:00 [INF] Request reached the end of the middleware pipeline without being handled by application code. Request path: GET http://localhost:5244/images/banana.jpg, Response status code: 404
2024-11-22 14:32:22.763 +01:00 [INF] Request reached the end of the middleware pipeline without being handled by application code. Request path: GET http://localhost:5244/images/apple.jpg, Response status code: 404
2024-11-22 14:32:22.764 +01:00 [INF] Request finished HTTP/1.1 GET http://localhost:5244/api/itemapi/items - 200 768 application/json; charset=utf-8 588.3665ms
2024-11-22 14:32:22.816 +01:00 [INF] Executing OkObjectResult, writing value of type 'System.Linq.Enumerable+SelectListIterator`2[[FoodRegistration.Models.Item, api, Version=1.0.0.0, Culture=neutral, PublicKeyToken=null],[FoodRegistration.DTOs.ItemDto, api, Version=1.0.0.0, Culture=neutral, PublicKeyToken=null]]'.
2024-11-22 14:32:22.817 +01:00 [INF] Executed action FoodRegistration.Controllers.ItemAPIController.GetItems (api) in 90.6703ms
2024-11-22 14:32:22.817 +01:00 [INF] Executed endpoint 'FoodRegistration.Controllers.ItemAPIController.GetItems (api)'
2024-11-22 14:32:22.818 +01:00 [INF] Request finished HTTP/1.1 GET http://localhost:5244/api/itemapi/items - 200 768 application/json; charset=utf-8 103.8515ms
