2024-11-22 14:45:40.249 +01:00 [INF] Now listening on: https://localhost:7217
2024-11-22 14:45:40.257 +01:00 [INF] Now listening on: http://localhost:5244
2024-11-22 14:45:40.262 +01:00 [INF] Application started. Press Ctrl+C to shut down.
2024-11-22 14:45:40.264 +01:00 [INF] Hosting environment: Development
2024-11-22 14:45:40.266 +01:00 [INF] Content root path: C:\Users\tine_\OneDrive\Skrivebord\ITPE-Eksamen\sub2\FoodRegistration\FoodRegistrationReact\api
2024-11-22 14:46:30.268 +01:00 [INF] Request starting HTTP/1.1 GET http://localhost:5244/images/eple.png - null null
2024-11-22 14:46:30.396 +01:00 [INF] Sending file. Request path: '/images/eple.png'. Physical path: 'C:\Users\tine_\OneDrive\Skrivebord\ITPE-Eksamen\sub2\FoodRegistration\FoodRegistrationReact\api\wwwroot\images\eple.png'
2024-11-22 14:46:30.401 +01:00 [INF] Request finished HTTP/1.1 GET http://localhost:5244/images/eple.png - 200 223040 image/png 135.6913ms
2024-11-22 14:56:33.724 +01:00 [INF] Request starting HTTP/1.1 GET http://localhost:5244/images/eple.png - null null
2024-11-22 14:56:33.731 +01:00 [INF] The file /images/eple.png was not modified
2024-11-22 14:56:33.732 +01:00 [INF] Request finished HTTP/1.1 GET http://localhost:5244/images/eple.png - 304 null image/png 7.7034ms
2024-11-22 15:01:34.263 +01:00 [INF] Request starting HTTP/1.1 GET http://localhost:5244/images/placeholder.png - null null
2024-11-22 15:01:34.292 +01:00 [INF] Request finished HTTP/1.1 GET http://localhost:5244/images/placeholder.png - 404 0 null 29.254ms
2024-11-22 15:01:34.303 +01:00 [INF] Request reached the end of the middleware pipeline without being handled by application code. Request path: GET http://localhost:5244/images/placeholder.png, Response status code: 404
2024-11-22 15:01:38.445 +01:00 [INF] Request starting HTTP/1.1 GET http://localhost:5244/api/itemapi/items - null null
2024-11-22 15:01:38.453 +01:00 [INF] CORS policy execution successful.
2024-11-22 15:01:38.455 +01:00 [INF] Executing endpoint 'FoodRegistration.Controllers.ItemAPIController.GetItems (api)'
2024-11-22 15:01:38.483 +01:00 [INF] Route matched with {action = "GetItems", controller = "ItemAPI"}. Executing controller action with signature System.Threading.Tasks.Task`1[Microsoft.AspNetCore.Mvc.IActionResult] GetItems() on controller FoodRegistration.Controllers.ItemAPIController (api).
2024-11-22 15:01:38.871 +01:00 [INF] Executing OkObjectResult, writing value of type 'System.Linq.Enumerable+SelectListIterator`2[[FoodRegistration.Models.Item, api, Version=1.0.0.0, Culture=neutral, PublicKeyToken=null],[FoodRegistration.DTOs.ItemDto, api, Version=1.0.0.0, Culture=neutral, PublicKeyToken=null]]'.
2024-11-22 15:01:39.034 +01:00 [INF] Request starting HTTP/1.1 GET http://localhost:5244/api/itemapi/items - null null
2024-11-22 15:01:39.040 +01:00 [INF] CORS policy execution successful.
2024-11-22 15:01:39.042 +01:00 [INF] Executing endpoint 'FoodRegistration.Controllers.ItemAPIController.GetItems (api)'
2024-11-22 15:01:39.043 +01:00 [INF] Route matched with {action = "GetItems", controller = "ItemAPI"}. Executing controller action with signature System.Threading.Tasks.Task`1[Microsoft.AspNetCore.Mvc.IActionResult] GetItems() on controller FoodRegistration.Controllers.ItemAPIController (api).
2024-11-22 15:01:39.043 +01:00 [INF] Request starting HTTP/1.1 GET http://localhost:5244/images/apple.jpg - null null
2024-11-22 15:01:39.043 +01:00 [INF] Request starting HTTP/1.1 GET http://localhost:5244/images/banana.jpg - null null
2024-11-22 15:01:39.048 +01:00 [INF] Request finished HTTP/1.1 GET http://localhost:5244/images/apple.jpg - 404 0 null 4.2898ms
2024-11-22 15:01:39.048 +01:00 [INF] Request finished HTTP/1.1 GET http://localhost:5244/images/banana.jpg - 404 0 null 4.3502ms
2024-11-22 15:01:39.049 +01:00 [INF] Request reached the end of the middleware pipeline without being handled by application code. Request path: GET http://localhost:5244/images/apple.jpg, Response status code: 404
2024-11-22 15:01:39.049 +01:00 [INF] Request reached the end of the middleware pipeline without being handled by application code. Request path: GET http://localhost:5244/images/banana.jpg, Response status code: 404
2024-11-22 15:01:39.052 +01:00 [INF] Executed action FoodRegistration.Controllers.ItemAPIController.GetItems (api) in 548.0759ms
2024-11-22 15:01:39.053 +01:00 [INF] Executed endpoint 'FoodRegistration.Controllers.ItemAPIController.GetItems (api)'
2024-11-22 15:01:39.066 +01:00 [INF] Request finished HTTP/1.1 GET http://localhost:5244/api/itemapi/items - 200 768 application/json; charset=utf-8 620.6411ms
2024-11-22 15:01:39.135 +01:00 [INF] Executing OkObjectResult, writing value of type 'System.Linq.Enumerable+SelectListIterator`2[[FoodRegistration.Models.Item, api, Version=1.0.0.0, Culture=neutral, PublicKeyToken=null],[FoodRegistration.DTOs.ItemDto, api, Version=1.0.0.0, Culture=neutral, PublicKeyToken=null]]'.
2024-11-22 15:01:39.136 +01:00 [INF] Executed action FoodRegistration.Controllers.ItemAPIController.GetItems (api) in 92.1659ms
2024-11-22 15:01:39.136 +01:00 [INF] Executed endpoint 'FoodRegistration.Controllers.ItemAPIController.GetItems (api)'
2024-11-22 15:01:39.136 +01:00 [INF] Request finished HTTP/1.1 GET http://localhost:5244/api/itemapi/items - 200 768 application/json; charset=utf-8 102.4838ms
