2024-11-22 10:22:23.911 +01:00 [INF] Now listening on: http://localhost:5244
2024-11-22 10:22:23.919 +01:00 [INF] Application started. Press Ctrl+C to shut down.
2024-11-22 10:22:23.920 +01:00 [INF] Hosting environment: Development
2024-11-22 10:22:23.920 +01:00 [INF] Content root path: C:\Users\tine_\OneDrive\Skrivebord\ITPE-Eksamen\sub2\FoodRegistration\FoodRegistrationReact\api
2024-11-22 10:22:27.567 +01:00 [INF] Request starting HTTP/1.1 GET http://localhost:5244/ - null null
2024-11-22 10:22:27.606 +01:00 [INF] Request finished HTTP/1.1 GET http://localhost:5244/ - 404 0 null 40.9259ms
2024-11-22 10:22:27.609 +01:00 [INF] Request reached the end of the middleware pipeline without being handled by application code. Request path: GET http://localhost:5244/, Response status code: 404
2024-11-22 10:22:30.533 +01:00 [INF] Request starting HTTP/1.1 GET http://localhost:5244/swagger/index.html - null null
2024-11-22 10:22:30.579 +01:00 [INF] Request finished HTTP/1.1 GET http://localhost:5244/swagger/index.html - 200 null text/html;charset=utf-8 45.4175ms
2024-11-22 10:22:30.913 +01:00 [INF] Request starting HTTP/1.1 GET http://localhost:5244/swagger/v1/swagger.json - null null
2024-11-22 10:22:30.999 +01:00 [INF] Request finished HTTP/1.1 GET http://localhost:5244/swagger/v1/swagger.json - 200 null application/json;charset=utf-8 85.594ms
2024-11-22 10:23:10.854 +01:00 [INF] Request starting HTTP/1.1 POST http://localhost:5244/api/ItemAPI/items - application/json-patch+json 478
2024-11-22 10:23:10.859 +01:00 [INF] CORS policy execution successful.
2024-11-22 10:23:10.860 +01:00 [INF] Executing endpoint 'FoodRegistration.Controllers.ItemAPIController.CreateItem (api)'
2024-11-22 10:23:10.878 +01:00 [INF] Route matched with {action = "CreateItem", controller = "ItemAPI"}. Executing controller action with signature System.Threading.Tasks.Task`1[Microsoft.AspNetCore.Mvc.IActionResult] CreateItem(FoodRegistration.Models.Item) on controller FoodRegistration.Controllers.ItemAPIController (api).
2024-11-22 10:23:11.163 +01:00 [INF] Executing CreatedAtActionResult, writing value of type 'FoodRegistration.Models.Item'.
2024-11-22 10:23:11.205 +01:00 [INF] Executed action FoodRegistration.Controllers.ItemAPIController.CreateItem (api) in 323.4119ms
2024-11-22 10:23:11.205 +01:00 [INF] Executed endpoint 'FoodRegistration.Controllers.ItemAPIController.CreateItem (api)'
2024-11-22 10:23:11.207 +01:00 [INF] Request finished HTTP/1.1 POST http://localhost:5244/api/ItemAPI/items - 201 455 application/json; charset=utf-8 353.2243ms
2024-11-22 10:32:46.019 +01:00 [INF] Request starting HTTP/1.1 GET http://localhost:5244/swagger/index.html - null null
2024-11-22 10:32:46.020 +01:00 [INF] Request finished HTTP/1.1 GET http://localhost:5244/swagger/index.html - 200 null text/html;charset=utf-8 1.2858ms
2024-11-22 10:32:46.287 +01:00 [INF] Request starting HTTP/1.1 GET http://localhost:5244/swagger/v1/swagger.json - null null
2024-11-22 10:32:46.292 +01:00 [INF] Request finished HTTP/1.1 GET http://localhost:5244/swagger/v1/swagger.json - 200 null application/json;charset=utf-8 4.9226ms
2024-11-22 10:38:06.031 +01:00 [INF] Request starting HTTP/1.1 GET http://localhost:5244/api/ItemAPI/items/1 - null null
2024-11-22 10:38:06.032 +01:00 [INF] Executing endpoint 'FoodRegistration.Controllers.ItemAPIController.GetItemById (api)'
2024-11-22 10:38:06.038 +01:00 [INF] Route matched with {action = "GetItemById", controller = "ItemAPI"}. Executing controller action with signature System.Threading.Tasks.Task`1[Microsoft.AspNetCore.Mvc.IActionResult] GetItemById(Int32) on controller FoodRegistration.Controllers.ItemAPIController (api).
2024-11-22 10:38:06.189 +01:00 [INF] Executing OkObjectResult, writing value of type 'Castle.Proxies.ItemProxy'.
2024-11-22 10:38:06.194 +01:00 [INF] Executed action FoodRegistration.Controllers.ItemAPIController.GetItemById (api) in 156.3914ms
2024-11-22 10:38:06.195 +01:00 [INF] Executed endpoint 'FoodRegistration.Controllers.ItemAPIController.GetItemById (api)'
2024-11-22 10:38:06.196 +01:00 [INF] Request finished HTTP/1.1 GET http://localhost:5244/api/ItemAPI/items/1 - 200 449 application/json; charset=utf-8 165.3084ms
2024-11-22 10:39:04.268 +01:00 [INF] Request starting HTTP/1.1 GET http://localhost:5244/api/ItemAPI/items - null null
2024-11-22 10:39:04.269 +01:00 [INF] Executing endpoint 'FoodRegistration.Controllers.ItemAPIController.GetItems (api)'
2024-11-22 10:39:04.272 +01:00 [INF] Route matched with {action = "GetItems", controller = "ItemAPI"}. Executing controller action with signature System.Threading.Tasks.Task`1[Microsoft.AspNetCore.Mvc.IActionResult] GetItems() on controller FoodRegistration.Controllers.ItemAPIController (api).
2024-11-22 10:39:04.284 +01:00 [INF] Executing OkObjectResult, writing value of type 'System.Linq.Enumerable+SelectListIterator`2[[FoodRegistration.Models.Item, api, Version=1.0.0.0, Culture=neutral, PublicKeyToken=null],[FoodRegistration.DTOs.ItemDto, api, Version=1.0.0.0, Culture=neutral, PublicKeyToken=null]]'.
2024-11-22 10:39:04.290 +01:00 [INF] Executed action FoodRegistration.Controllers.ItemAPIController.GetItems (api) in 17.9566ms
2024-11-22 10:39:04.290 +01:00 [INF] Executed endpoint 'FoodRegistration.Controllers.ItemAPIController.GetItems (api)'
2024-11-22 10:39:04.290 +01:00 [INF] Request finished HTTP/1.1 GET http://localhost:5244/api/ItemAPI/items - 200 173 application/json; charset=utf-8 22.5664ms
2024-11-22 10:39:05.800 +01:00 [INF] Request starting HTTP/1.1 GET http://localhost:5244/api/ItemAPI/items - null null
2024-11-22 10:39:05.800 +01:00 [INF] Executing endpoint 'FoodRegistration.Controllers.ItemAPIController.GetItems (api)'
2024-11-22 10:39:05.800 +01:00 [INF] Route matched with {action = "GetItems", controller = "ItemAPI"}. Executing controller action with signature System.Threading.Tasks.Task`1[Microsoft.AspNetCore.Mvc.IActionResult] GetItems() on controller FoodRegistration.Controllers.ItemAPIController (api).
2024-11-22 10:39:05.802 +01:00 [INF] Executing OkObjectResult, writing value of type 'System.Linq.Enumerable+SelectListIterator`2[[FoodRegistration.Models.Item, api, Version=1.0.0.0, Culture=neutral, PublicKeyToken=null],[FoodRegistration.DTOs.ItemDto, api, Version=1.0.0.0, Culture=neutral, PublicKeyToken=null]]'.
2024-11-22 10:39:05.803 +01:00 [INF] Executed action FoodRegistration.Controllers.ItemAPIController.GetItems (api) in 2.1695ms
2024-11-22 10:39:05.803 +01:00 [INF] Executed endpoint 'FoodRegistration.Controllers.ItemAPIController.GetItems (api)'
2024-11-22 10:39:05.803 +01:00 [INF] Request finished HTTP/1.1 GET http://localhost:5244/api/ItemAPI/items - 200 173 application/json; charset=utf-8 3.2058ms
2024-11-22 11:01:20.755 +01:00 [INF] Request starting HTTP/1.1 GET http://localhost:5244/swagger/index.html - null null
2024-11-22 11:01:20.757 +01:00 [INF] Request finished HTTP/1.1 GET http://localhost:5244/swagger/index.html - 200 null text/html;charset=utf-8 2.2728ms
2024-11-22 11:01:21.236 +01:00 [INF] Request starting HTTP/1.1 GET http://localhost:5244/swagger/v1/swagger.json - null null
2024-11-22 11:01:21.248 +01:00 [INF] Request finished HTTP/1.1 GET http://localhost:5244/swagger/v1/swagger.json - 200 null application/json;charset=utf-8 12.1367ms
2024-11-22 11:01:31.915 +01:00 [INF] Application is shutting down...
