2024-11-22 15:05:44.754 +01:00 [INF] Now listening on: https://localhost:7217
2024-11-22 15:05:44.763 +01:00 [INF] Now listening on: http://localhost:5244
2024-11-22 15:05:44.774 +01:00 [INF] Application started. Press Ctrl+C to shut down.
2024-11-22 15:05:44.778 +01:00 [INF] Hosting environment: Development
2024-11-22 15:05:44.781 +01:00 [INF] Content root path: C:\Users\tine_\OneDrive\Skrivebord\ITPE-Eksamen\sub2\FoodRegistration\FoodRegistrationReact\api
2024-11-22 15:06:48.921 +01:00 [INF] Request starting HTTP/1.1 GET http://localhost:5244/images/userLogo.png - null null
2024-11-22 15:06:48.921 +01:00 [INF] Request starting HTTP/1.1 GET http://localhost:5244/api/itemapi/items - null null
2024-11-22 15:06:48.921 +01:00 [INF] Request starting HTTP/1.1 GET http://localhost:5244/images/logoHvit.ico - null null
2024-11-22 15:06:49.052 +01:00 [INF] Sending file. Request path: '/images/logoHvit.ico'. Physical path: 'C:\Users\tine_\OneDrive\Skrivebord\ITPE-Eksamen\sub2\FoodRegistration\FoodRegistrationReact\api\wwwroot\images\logoHvit.ico'
2024-11-22 15:06:49.054 +01:00 [INF] CORS policy execution successful.
2024-11-22 15:06:49.057 +01:00 [INF] Request finished HTTP/1.1 GET http://localhost:5244/images/logoHvit.ico - 200 199 image/x-icon 138.2894ms
2024-11-22 15:06:49.058 +01:00 [INF] Executing endpoint 'FoodRegistration.Controllers.ItemAPIController.GetItems (api)'
2024-11-22 15:06:49.060 +01:00 [INF] Sending file. Request path: '/images/userLogo.png'. Physical path: 'C:\Users\tine_\OneDrive\Skrivebord\ITPE-Eksamen\sub2\FoodRegistration\FoodRegistrationReact\api\wwwroot\images\UserLogo.png'
2024-11-22 15:06:49.061 +01:00 [INF] Request finished HTTP/1.1 GET http://localhost:5244/images/userLogo.png - 200 298192 image/png 142.5421ms
2024-11-22 15:06:49.077 +01:00 [INF] Route matched with {action = "GetItems", controller = "ItemAPI"}. Executing controller action with signature System.Threading.Tasks.Task`1[Microsoft.AspNetCore.Mvc.IActionResult] GetItems() on controller FoodRegistration.Controllers.ItemAPIController (api).
2024-11-22 15:06:49.343 +01:00 [INF] Executing OkObjectResult, writing value of type 'System.Linq.Enumerable+SelectListIterator`2[[FoodRegistration.Models.Item, api, Version=1.0.0.0, Culture=neutral, PublicKeyToken=null],[FoodRegistration.DTOs.ItemDto, api, Version=1.0.0.0, Culture=neutral, PublicKeyToken=null]]'.
2024-11-22 15:06:49.489 +01:00 [INF] Executed action FoodRegistration.Controllers.ItemAPIController.GetItems (api) in 408.2909ms
2024-11-22 15:06:49.490 +01:00 [INF] Executed endpoint 'FoodRegistration.Controllers.ItemAPIController.GetItems (api)'
2024-11-22 15:06:49.493 +01:00 [INF] Request starting HTTP/1.1 GET http://localhost:5244/images/apple.jpg - null null
2024-11-22 15:06:49.493 +01:00 [INF] Request starting HTTP/1.1 GET http://localhost:5244/images/banana.jpg - null null
2024-11-22 15:06:49.498 +01:00 [INF] Request finished HTTP/1.1 GET http://localhost:5244/images/banana.jpg - 404 0 null 4.7168ms
2024-11-22 15:06:49.498 +01:00 [INF] Request finished HTTP/1.1 GET http://localhost:5244/images/apple.jpg - 404 0 null 4.7162ms
2024-11-22 15:06:49.499 +01:00 [INF] Request reached the end of the middleware pipeline without being handled by application code. Request path: GET http://localhost:5244/images/banana.jpg, Response status code: 404
2024-11-22 15:06:49.499 +01:00 [INF] Request reached the end of the middleware pipeline without being handled by application code. Request path: GET http://localhost:5244/images/apple.jpg, Response status code: 404
2024-11-22 15:06:49.502 +01:00 [INF] Request finished HTTP/1.1 GET http://localhost:5244/api/itemapi/items - 200 768 application/json; charset=utf-8 584.1453ms
2024-11-22 15:06:49.503 +01:00 [INF] Request starting HTTP/1.1 GET http://localhost:5244/api/itemapi/items - null null
2024-11-22 15:06:49.504 +01:00 [INF] CORS policy execution successful.
2024-11-22 15:06:49.505 +01:00 [INF] Executing endpoint 'FoodRegistration.Controllers.ItemAPIController.GetItems (api)'
2024-11-22 15:06:49.505 +01:00 [INF] Route matched with {action = "GetItems", controller = "ItemAPI"}. Executing controller action with signature System.Threading.Tasks.Task`1[Microsoft.AspNetCore.Mvc.IActionResult] GetItems() on controller FoodRegistration.Controllers.ItemAPIController (api).
2024-11-22 15:06:49.558 +01:00 [INF] Executing OkObjectResult, writing value of type 'System.Linq.Enumerable+SelectListIterator`2[[FoodRegistration.Models.Item, api, Version=1.0.0.0, Culture=neutral, PublicKeyToken=null],[FoodRegistration.DTOs.ItemDto, api, Version=1.0.0.0, Culture=neutral, PublicKeyToken=null]]'.
2024-11-22 15:06:49.559 +01:00 [INF] Executed action FoodRegistration.Controllers.ItemAPIController.GetItems (api) in 53.2635ms
2024-11-22 15:06:49.559 +01:00 [INF] Executed endpoint 'FoodRegistration.Controllers.ItemAPIController.GetItems (api)'
2024-11-22 15:06:49.559 +01:00 [INF] Request finished HTTP/1.1 GET http://localhost:5244/api/itemapi/items - 200 768 application/json; charset=utf-8 56.1263ms
