2024-11-25 14:09:22.607 +01:00 [INF] Now listening on: https://localhost:7217
2024-11-25 14:09:22.614 +01:00 [INF] Now listening on: http://localhost:5244
2024-11-25 14:09:22.618 +01:00 [INF] Application started. Press Ctrl+C to shut down.
2024-11-25 14:09:22.620 +01:00 [INF] Hosting environment: Development
2024-11-25 14:09:22.621 +01:00 [INF] Content root path: C:\Users\tine_\OneDrive\Skrivebord\ITPE-Eksamen\sub2.2\FoodRegistration\FoodRegistrationReact\api
2024-11-25 14:10:29.783 +01:00 [INF] Request starting HTTP/1.1 GET http://localhost:5244/api/itemapi/items - null null
2024-11-25 14:10:29.824 +01:00 [INF] CORS policy execution successful.
2024-11-25 14:10:29.827 +01:00 [INF] Executing endpoint 'FoodRegistration.Controllers.ItemAPIController.GetItems (api)'
2024-11-25 14:10:29.843 +01:00 [INF] Route matched with {action = "GetItems", controller = "ItemAPI"}. Executing controller action with signature System.Threading.Tasks.Task`1[Microsoft.AspNetCore.Mvc.IActionResult] GetItems() on controller FoodRegistration.Controllers.ItemAPIController (api).
2024-11-25 14:10:30.094 +01:00 [INF] Executing OkObjectResult, writing value of type 'System.Linq.Enumerable+SelectListIterator`2[[FoodRegistration.Models.Item, api, Version=1.0.0.0, Culture=neutral, PublicKeyToken=null],[FoodRegistration.DTOs.ItemDto, api, Version=1.0.0.0, Culture=neutral, PublicKeyToken=null]]'.
2024-11-25 14:10:30.232 +01:00 [INF] Executed action FoodRegistration.Controllers.ItemAPIController.GetItems (api) in 376.6563ms
2024-11-25 14:10:30.234 +01:00 [INF] Request starting HTTP/1.1 GET http://localhost:5244/api/itemapi/items - null null
2024-11-25 14:10:30.234 +01:00 [INF] Executed endpoint 'FoodRegistration.Controllers.ItemAPIController.GetItems (api)'
2024-11-25 14:10:30.238 +01:00 [INF] Request starting HTTP/1.1 GET http://localhost:5244/images/banana.jpg - null null
2024-11-25 14:10:30.241 +01:00 [INF] Request starting HTTP/1.1 GET http://localhost:5244/images/apple.jpg - null null
2024-11-25 14:10:30.246 +01:00 [INF] Request starting HTTP/1.1 GET http://localhost:5244/ - null null
2024-11-25 14:10:30.252 +01:00 [INF] CORS policy execution successful.
2024-11-25 14:10:30.253 +01:00 [INF] Executing endpoint 'FoodRegistration.Controllers.ItemAPIController.GetItems (api)'
2024-11-25 14:10:30.253 +01:00 [INF] Route matched with {action = "GetItems", controller = "ItemAPI"}. Executing controller action with signature System.Threading.Tasks.Task`1[Microsoft.AspNetCore.Mvc.IActionResult] GetItems() on controller FoodRegistration.Controllers.ItemAPIController (api).
2024-11-25 14:10:30.266 +01:00 [INF] Request finished HTTP/1.1 GET http://localhost:5244/ - 404 0 null 10.6469ms
2024-11-25 14:10:30.272 +01:00 [INF] Request finished HTTP/1.1 GET http://localhost:5244/images/apple.jpg - 404 0 null 33.7535ms
2024-11-25 14:10:30.272 +01:00 [INF] Request finished HTTP/1.1 GET http://localhost:5244/images/banana.jpg - 404 0 null 33.6853ms
2024-11-25 14:10:30.272 +01:00 [INF] Request reached the end of the middleware pipeline without being handled by application code. Request path: GET http://localhost:5244/images/apple.jpg, Response status code: 404
2024-11-25 14:10:30.272 +01:00 [INF] Request reached the end of the middleware pipeline without being handled by application code. Request path: GET http://localhost:5244/images/banana.jpg, Response status code: 404
2024-11-25 14:10:30.274 +01:00 [INF] Request reached the end of the middleware pipeline without being handled by application code. Request path: GET http://localhost:5244/, Response status code: 404
2024-11-25 14:10:30.279 +01:00 [INF] Request finished HTTP/1.1 GET http://localhost:5244/api/itemapi/items - 200 1481 application/json; charset=utf-8 498.1868ms
2024-11-25 14:10:30.330 +01:00 [INF] Executing OkObjectResult, writing value of type 'System.Linq.Enumerable+SelectListIterator`2[[FoodRegistration.Models.Item, api, Version=1.0.0.0, Culture=neutral, PublicKeyToken=null],[FoodRegistration.DTOs.ItemDto, api, Version=1.0.0.0, Culture=neutral, PublicKeyToken=null]]'.
2024-11-25 14:10:30.331 +01:00 [INF] Executed action FoodRegistration.Controllers.ItemAPIController.GetItems (api) in 65.7459ms
2024-11-25 14:10:30.331 +01:00 [INF] Executed endpoint 'FoodRegistration.Controllers.ItemAPIController.GetItems (api)'
2024-11-25 14:10:30.331 +01:00 [INF] Request finished HTTP/1.1 GET http://localhost:5244/api/itemapi/items - 200 1481 application/json; charset=utf-8 97.2716ms
2024-11-25 14:10:51.918 +01:00 [INF] Request starting HTTP/1.1 GET http://localhost:5244/api/itemapi/items/6 - null null
2024-11-25 14:10:51.919 +01:00 [INF] CORS policy execution successful.
2024-11-25 14:10:51.919 +01:00 [INF] Executing endpoint 'FoodRegistration.Controllers.ItemAPIController.GetItemById (api)'
2024-11-25 14:10:51.934 +01:00 [INF] Route matched with {action = "GetItemById", controller = "ItemAPI"}. Executing controller action with signature System.Threading.Tasks.Task`1[Microsoft.AspNetCore.Mvc.IActionResult] GetItemById(Int32) on controller FoodRegistration.Controllers.ItemAPIController (api).
2024-11-25 14:10:52.010 +01:00 [INF] Executing OkObjectResult, writing value of type 'Castle.Proxies.ItemProxy'.
2024-11-25 14:10:52.022 +01:00 [INF] Executed action FoodRegistration.Controllers.ItemAPIController.GetItemById (api) in 87.5657ms
2024-11-25 14:10:52.022 +01:00 [INF] Executed endpoint 'FoodRegistration.Controllers.ItemAPIController.GetItemById (api)'
2024-11-25 14:10:52.022 +01:00 [INF] Request finished HTTP/1.1 GET http://localhost:5244/api/itemapi/items/6 - 200 349 application/json; charset=utf-8 104.9099ms
2024-11-25 14:10:52.023 +01:00 [INF] Request starting HTTP/1.1 GET http://localhost:5244/api/itemapi/items/6 - null null
2024-11-25 14:10:52.024 +01:00 [INF] CORS policy execution successful.
2024-11-25 14:10:52.024 +01:00 [INF] Executing endpoint 'FoodRegistration.Controllers.ItemAPIController.GetItemById (api)'
2024-11-25 14:10:52.024 +01:00 [INF] Route matched with {action = "GetItemById", controller = "ItemAPI"}. Executing controller action with signature System.Threading.Tasks.Task`1[Microsoft.AspNetCore.Mvc.IActionResult] GetItemById(Int32) on controller FoodRegistration.Controllers.ItemAPIController (api).
2024-11-25 14:10:52.032 +01:00 [INF] Executing OkObjectResult, writing value of type 'Castle.Proxies.ItemProxy'.
2024-11-25 14:10:52.033 +01:00 [INF] Executed action FoodRegistration.Controllers.ItemAPIController.GetItemById (api) in 8.6166ms
2024-11-25 14:10:52.033 +01:00 [INF] Executed endpoint 'FoodRegistration.Controllers.ItemAPIController.GetItemById (api)'
2024-11-25 14:10:52.033 +01:00 [INF] Request finished HTTP/1.1 GET http://localhost:5244/api/itemapi/items/6 - 200 349 application/json; charset=utf-8 9.9869ms
2024-11-25 14:10:59.964 +01:00 [INF] Request starting HTTP/1.1 OPTIONS http://localhost:5244/api/itemapi/items/6 - null null
2024-11-25 14:10:59.965 +01:00 [INF] CORS policy execution successful.
2024-11-25 14:10:59.966 +01:00 [INF] Request finished HTTP/1.1 OPTIONS http://localhost:5244/api/itemapi/items/6 - 204 null null 1.6847ms
2024-11-25 14:10:59.972 +01:00 [INF] Request starting HTTP/1.1 PUT http://localhost:5244/api/itemapi/items/6 - application/json 331
2024-11-25 14:10:59.972 +01:00 [INF] CORS policy execution successful.
2024-11-25 14:10:59.972 +01:00 [INF] Executing endpoint 'FoodRegistration.Controllers.ItemAPIController.UpdateItem (api)'
2024-11-25 14:10:59.976 +01:00 [INF] Route matched with {action = "UpdateItem", controller = "ItemAPI"}. Executing controller action with signature System.Threading.Tasks.Task`1[Microsoft.AspNetCore.Mvc.IActionResult] UpdateItem(Int32, FoodRegistration.Models.Item) on controller FoodRegistration.Controllers.ItemAPIController (api).
2024-11-25 14:11:00.131 +01:00 [INF] Executing StatusCodeResult, setting HTTP status code 204
2024-11-25 14:11:00.131 +01:00 [INF] Executed action FoodRegistration.Controllers.ItemAPIController.UpdateItem (api) in 154.2377ms
2024-11-25 14:11:00.131 +01:00 [INF] Executed endpoint 'FoodRegistration.Controllers.ItemAPIController.UpdateItem (api)'
2024-11-25 14:11:00.131 +01:00 [INF] Request finished HTTP/1.1 PUT http://localhost:5244/api/itemapi/items/6 - 204 null null 159.1319ms
2024-11-25 14:11:00.164 +01:00 [INF] Request starting HTTP/1.1 GET http://localhost:5244/api/itemapi/items - null null
2024-11-25 14:11:00.165 +01:00 [INF] CORS policy execution successful.
2024-11-25 14:11:00.165 +01:00 [INF] Executing endpoint 'FoodRegistration.Controllers.ItemAPIController.GetItems (api)'
2024-11-25 14:11:00.165 +01:00 [INF] Route matched with {action = "GetItems", controller = "ItemAPI"}. Executing controller action with signature System.Threading.Tasks.Task`1[Microsoft.AspNetCore.Mvc.IActionResult] GetItems() on controller FoodRegistration.Controllers.ItemAPIController (api).
2024-11-25 14:11:00.168 +01:00 [INF] Executing OkObjectResult, writing value of type 'System.Linq.Enumerable+SelectListIterator`2[[FoodRegistration.Models.Item, api, Version=1.0.0.0, Culture=neutral, PublicKeyToken=null],[FoodRegistration.DTOs.ItemDto, api, Version=1.0.0.0, Culture=neutral, PublicKeyToken=null]]'.
2024-11-25 14:11:00.169 +01:00 [INF] Executed action FoodRegistration.Controllers.ItemAPIController.GetItems (api) in 4.0095ms
2024-11-25 14:11:00.169 +01:00 [INF] Executed endpoint 'FoodRegistration.Controllers.ItemAPIController.GetItems (api)'
2024-11-25 14:11:00.169 +01:00 [INF] Request finished HTTP/1.1 GET http://localhost:5244/api/itemapi/items - 200 1489 application/json; charset=utf-8 4.8855ms
2024-11-25 14:11:00.171 +01:00 [INF] Request starting HTTP/1.1 GET http://localhost:5244/api/itemapi/items - null null
2024-11-25 14:11:00.171 +01:00 [INF] CORS policy execution successful.
2024-11-25 14:11:00.171 +01:00 [INF] Executing endpoint 'FoodRegistration.Controllers.ItemAPIController.GetItems (api)'
2024-11-25 14:11:00.171 +01:00 [INF] Route matched with {action = "GetItems", controller = "ItemAPI"}. Executing controller action with signature System.Threading.Tasks.Task`1[Microsoft.AspNetCore.Mvc.IActionResult] GetItems() on controller FoodRegistration.Controllers.ItemAPIController (api).
2024-11-25 14:11:00.175 +01:00 [INF] Executing OkObjectResult, writing value of type 'System.Linq.Enumerable+SelectListIterator`2[[FoodRegistration.Models.Item, api, Version=1.0.0.0, Culture=neutral, PublicKeyToken=null],[FoodRegistration.DTOs.ItemDto, api, Version=1.0.0.0, Culture=neutral, PublicKeyToken=null]]'.
2024-11-25 14:11:00.176 +01:00 [INF] Request starting HTTP/1.1 GET http://localhost:5244/images/apple.jpg - null null
2024-11-25 14:11:00.176 +01:00 [INF] Request starting HTTP/1.1 GET http://localhost:5244/images/banana.jpg - null null
2024-11-25 14:11:00.176 +01:00 [INF] Request starting HTTP/1.1 GET http://localhost:5244/ - null null
2024-11-25 14:11:00.176 +01:00 [INF] Executed action FoodRegistration.Controllers.ItemAPIController.GetItems (api) in 5.08ms
2024-11-25 14:11:00.176 +01:00 [INF] Executed endpoint 'FoodRegistration.Controllers.ItemAPIController.GetItems (api)'
2024-11-25 14:11:00.177 +01:00 [INF] Request finished HTTP/1.1 GET http://localhost:5244/ - 404 0 null 0.1781ms
2024-11-25 14:11:00.178 +01:00 [INF] Request reached the end of the middleware pipeline without being handled by application code. Request path: GET http://localhost:5244/, Response status code: 404
2024-11-25 14:11:00.178 +01:00 [INF] Request finished HTTP/1.1 GET http://localhost:5244/api/itemapi/items - 200 1489 application/json; charset=utf-8 7.1034ms
2024-11-25 14:11:00.182 +01:00 [INF] Request finished HTTP/1.1 GET http://localhost:5244/images/apple.jpg - 404 0 null 5.7911ms
2024-11-25 14:11:00.184 +01:00 [INF] Request finished HTTP/1.1 GET http://localhost:5244/images/banana.jpg - 404 0 null 5.4511ms
2024-11-25 14:11:00.184 +01:00 [INF] Request reached the end of the middleware pipeline without being handled by application code. Request path: GET http://localhost:5244/images/apple.jpg, Response status code: 404
2024-11-25 14:11:00.184 +01:00 [INF] Request reached the end of the middleware pipeline without being handled by application code. Request path: GET http://localhost:5244/images/banana.jpg, Response status code: 404
2024-11-25 14:11:04.439 +01:00 [INF] Request starting HTTP/1.1 OPTIONS http://localhost:5244/api/itemapi/items/1 - null null
2024-11-25 14:11:04.439 +01:00 [INF] CORS policy execution successful.
2024-11-25 14:11:04.439 +01:00 [INF] Request finished HTTP/1.1 OPTIONS http://localhost:5244/api/itemapi/items/1 - 204 null null 0.6049ms
2024-11-25 14:11:04.440 +01:00 [INF] Request starting HTTP/1.1 DELETE http://localhost:5244/api/itemapi/items/1 - null null
2024-11-25 14:11:04.440 +01:00 [INF] CORS policy execution successful.
2024-11-25 14:11:04.440 +01:00 [INF] Executing endpoint 'FoodRegistration.Controllers.ItemAPIController.DeleteItem (api)'
2024-11-25 14:11:04.443 +01:00 [INF] Route matched with {action = "DeleteItem", controller = "ItemAPI"}. Executing controller action with signature System.Threading.Tasks.Task`1[Microsoft.AspNetCore.Mvc.IActionResult] DeleteItem(Int32) on controller FoodRegistration.Controllers.ItemAPIController (api).
2024-11-25 14:11:04.473 +01:00 [INF] Executing StatusCodeResult, setting HTTP status code 204
2024-11-25 14:11:04.473 +01:00 [INF] Executed action FoodRegistration.Controllers.ItemAPIController.DeleteItem (api) in 29.4618ms
2024-11-25 14:11:04.473 +01:00 [INF] Executed endpoint 'FoodRegistration.Controllers.ItemAPIController.DeleteItem (api)'
2024-11-25 14:11:04.473 +01:00 [INF] Request finished HTTP/1.1 DELETE http://localhost:5244/api/itemapi/items/1 - 204 null null 32.9622ms
2024-11-25 14:25:12.151 +01:00 [INF] Request starting HTTP/1.1 GET http://localhost:5244/api/itemapi/items - null null
2024-11-25 14:25:12.177 +01:00 [INF] CORS policy execution successful.
2024-11-25 14:25:12.178 +01:00 [INF] Executing endpoint 'FoodRegistration.Controllers.ItemAPIController.GetItems (api)'
2024-11-25 14:25:12.185 +01:00 [INF] Route matched with {action = "GetItems", controller = "ItemAPI"}. Executing controller action with signature System.Threading.Tasks.Task`1[Microsoft.AspNetCore.Mvc.IActionResult] GetItems() on controller FoodRegistration.Controllers.ItemAPIController (api).
2024-11-25 14:25:12.316 +01:00 [INF] Executing OkObjectResult, writing value of type 'System.Linq.Enumerable+SelectListIterator`2[[FoodRegistration.Models.Item, api, Version=1.0.0.0, Culture=neutral, PublicKeyToken=null],[FoodRegistration.DTOs.ItemDto, api, Version=1.0.0.0, Culture=neutral, PublicKeyToken=null]]'.
2024-11-25 14:25:12.322 +01:00 [INF] Executed action FoodRegistration.Controllers.ItemAPIController.GetItems (api) in 136.5774ms
2024-11-25 14:25:12.322 +01:00 [INF] Executed endpoint 'FoodRegistration.Controllers.ItemAPIController.GetItems (api)'
2024-11-25 14:25:12.324 +01:00 [INF] Request finished HTTP/1.1 GET http://localhost:5244/api/itemapi/items - 200 1108 application/json; charset=utf-8 176.7932ms
2024-11-25 14:25:12.326 +01:00 [INF] Request starting HTTP/1.1 GET http://localhost:5244/api/itemapi/items - null null
2024-11-25 14:25:12.365 +01:00 [INF] CORS policy execution successful.
2024-11-25 14:25:12.365 +01:00 [INF] Executing endpoint 'FoodRegistration.Controllers.ItemAPIController.GetItems (api)'
2024-11-25 14:25:12.365 +01:00 [INF] Route matched with {action = "GetItems", controller = "ItemAPI"}. Executing controller action with signature System.Threading.Tasks.Task`1[Microsoft.AspNetCore.Mvc.IActionResult] GetItems() on controller FoodRegistration.Controllers.ItemAPIController (api).
2024-11-25 14:25:12.366 +01:00 [INF] Request starting HTTP/1.1 GET http://localhost:5244/images/banana.jpg - null null
2024-11-25 14:25:12.367 +01:00 [INF] Request starting HTTP/1.1 GET http://localhost:5244/ - null null
2024-11-25 14:25:12.427 +01:00 [INF] Request finished HTTP/1.1 GET http://localhost:5244/ - 404 0 null 59.5285ms
2024-11-25 14:25:12.427 +01:00 [INF] Request finished HTTP/1.1 GET http://localhost:5244/images/banana.jpg - 404 0 null 60.6744ms
2024-11-25 14:25:12.427 +01:00 [INF] Request reached the end of the middleware pipeline without being handled by application code. Request path: GET http://localhost:5244/, Response status code: 404
2024-11-25 14:25:12.427 +01:00 [INF] Request reached the end of the middleware pipeline without being handled by application code. Request path: GET http://localhost:5244/images/banana.jpg, Response status code: 404
2024-11-25 14:25:12.433 +01:00 [INF] Executing OkObjectResult, writing value of type 'System.Linq.Enumerable+SelectListIterator`2[[FoodRegistration.Models.Item, api, Version=1.0.0.0, Culture=neutral, PublicKeyToken=null],[FoodRegistration.DTOs.ItemDto, api, Version=1.0.0.0, Culture=neutral, PublicKeyToken=null]]'.
2024-11-25 14:25:12.434 +01:00 [INF] Executed action FoodRegistration.Controllers.ItemAPIController.GetItems (api) in 68.2331ms
2024-11-25 14:25:12.434 +01:00 [INF] Executed endpoint 'FoodRegistration.Controllers.ItemAPIController.GetItems (api)'
2024-11-25 14:25:12.434 +01:00 [INF] Request finished HTTP/1.1 GET http://localhost:5244/api/itemapi/items - 200 1108 application/json; charset=utf-8 107.8426ms
2024-11-25 14:25:18.302 +01:00 [INF] Request starting HTTP/1.1 GET http://localhost:5244/api/itemapi/items - null null
2024-11-25 14:25:18.304 +01:00 [INF] CORS policy execution successful.
2024-11-25 14:25:18.304 +01:00 [INF] Executing endpoint 'FoodRegistration.Controllers.ItemAPIController.GetItems (api)'
2024-11-25 14:25:18.304 +01:00 [INF] Route matched with {action = "GetItems", controller = "ItemAPI"}. Executing controller action with signature System.Threading.Tasks.Task`1[Microsoft.AspNetCore.Mvc.IActionResult] GetItems() on controller FoodRegistration.Controllers.ItemAPIController (api).
2024-11-25 14:25:18.310 +01:00 [INF] Executing OkObjectResult, writing value of type 'System.Linq.Enumerable+SelectListIterator`2[[FoodRegistration.Models.Item, api, Version=1.0.0.0, Culture=neutral, PublicKeyToken=null],[FoodRegistration.DTOs.ItemDto, api, Version=1.0.0.0, Culture=neutral, PublicKeyToken=null]]'.
2024-11-25 14:25:18.310 +01:00 [INF] Executed action FoodRegistration.Controllers.ItemAPIController.GetItems (api) in 5.7755ms
2024-11-25 14:25:18.310 +01:00 [INF] Executed endpoint 'FoodRegistration.Controllers.ItemAPIController.GetItems (api)'
2024-11-25 14:25:18.312 +01:00 [INF] Request starting HTTP/1.1 GET http://localhost:5244/api/itemapi/items - null null
2024-11-25 14:25:18.312 +01:00 [INF] Request finished HTTP/1.1 GET http://localhost:5244/api/itemapi/items - 200 1108 application/json; charset=utf-8 8.1297ms
2024-11-25 14:25:18.312 +01:00 [INF] CORS policy execution successful.
2024-11-25 14:25:18.313 +01:00 [INF] Executing endpoint 'FoodRegistration.Controllers.ItemAPIController.GetItems (api)'
2024-11-25 14:25:18.313 +01:00 [INF] Route matched with {action = "GetItems", controller = "ItemAPI"}. Executing controller action with signature System.Threading.Tasks.Task`1[Microsoft.AspNetCore.Mvc.IActionResult] GetItems() on controller FoodRegistration.Controllers.ItemAPIController (api).
2024-11-25 14:25:18.318 +01:00 [INF] Executing OkObjectResult, writing value of type 'System.Linq.Enumerable+SelectListIterator`2[[FoodRegistration.Models.Item, api, Version=1.0.0.0, Culture=neutral, PublicKeyToken=null],[FoodRegistration.DTOs.ItemDto, api, Version=1.0.0.0, Culture=neutral, PublicKeyToken=null]]'.
2024-11-25 14:25:18.318 +01:00 [INF] Executed action FoodRegistration.Controllers.ItemAPIController.GetItems (api) in 5.395ms
2024-11-25 14:25:18.318 +01:00 [INF] Executed endpoint 'FoodRegistration.Controllers.ItemAPIController.GetItems (api)'
2024-11-25 14:25:18.321 +01:00 [INF] Request finished HTTP/1.1 GET http://localhost:5244/api/itemapi/items - 200 1108 application/json; charset=utf-8 9.0464ms
2024-11-25 14:25:18.350 +01:00 [INF] Request starting HTTP/1.1 GET http://localhost:5244/ - null null
2024-11-25 14:25:18.350 +01:00 [INF] Request starting HTTP/1.1 GET http://localhost:5244/images/banana.jpg - null null
2024-11-25 14:25:18.351 +01:00 [INF] Request finished HTTP/1.1 GET http://localhost:5244/ - 404 0 null 0.4453ms
2024-11-25 14:25:18.351 +01:00 [INF] Request reached the end of the middleware pipeline without being handled by application code. Request path: GET http://localhost:5244/, Response status code: 404
2024-11-25 14:25:18.351 +01:00 [INF] Request finished HTTP/1.1 GET http://localhost:5244/images/banana.jpg - 404 0 null 0.6175ms
2024-11-25 14:25:18.351 +01:00 [INF] Request reached the end of the middleware pipeline without being handled by application code. Request path: GET http://localhost:5244/images/banana.jpg, Response status code: 404
2024-11-25 14:40:24.628 +01:00 [INF] Request starting HTTP/1.1 GET http://localhost:5244/images/banana.jpg - null null
2024-11-25 14:40:24.628 +01:00 [INF] Request starting HTTP/1.1 GET http://localhost:5244/ - null null
2024-11-25 14:40:24.667 +01:00 [INF] Request finished HTTP/1.1 GET http://localhost:5244/ - 404 0 null 48.575ms
2024-11-25 14:40:24.667 +01:00 [INF] Request finished HTTP/1.1 GET http://localhost:5244/images/banana.jpg - 404 0 null 52.3825ms
2024-11-25 14:40:24.670 +01:00 [INF] Request reached the end of the middleware pipeline without being handled by application code. Request path: GET http://localhost:5244/, Response status code: 404
2024-11-25 14:40:24.670 +01:00 [INF] Request reached the end of the middleware pipeline without being handled by application code. Request path: GET http://localhost:5244/images/banana.jpg, Response status code: 404
