2024-11-22 16:20:29.451 +01:00 [INF] Now listening on: https://localhost:7217
2024-11-22 16:20:29.458 +01:00 [INF] Now listening on: http://localhost:5244
2024-11-22 16:20:29.464 +01:00 [INF] Application started. Press Ctrl+C to shut down.
2024-11-22 16:20:29.466 +01:00 [INF] Hosting environment: Development
2024-11-22 16:20:29.468 +01:00 [INF] Content root path: C:\Users\tine_\OneDrive\Skrivebord\ITPE-Eksamen\sub2\FoodRegistration\FoodRegistrationReact\api
2024-11-22 16:20:30.403 +01:00 [INF] Request starting HTTP/1.1 GET http://localhost:5244/api/itemapi/items - null null
2024-11-22 16:20:30.482 +01:00 [INF] CORS policy execution successful.
2024-11-22 16:20:30.490 +01:00 [INF] Executing endpoint 'FoodRegistration.Controllers.ItemAPIController.GetItems (api)'
2024-11-22 16:20:30.512 +01:00 [INF] Route matched with {action = "GetItems", controller = "ItemAPI"}. Executing controller action with signature System.Threading.Tasks.Task`1[Microsoft.AspNetCore.Mvc.IActionResult] GetItems() on controller FoodRegistration.Controllers.ItemAPIController (api).
2024-11-22 16:20:30.820 +01:00 [INF] Executing OkObjectResult, writing value of type 'System.Linq.Enumerable+SelectListIterator`2[[FoodRegistration.Models.Item, api, Version=1.0.0.0, Culture=neutral, PublicKeyToken=null],[FoodRegistration.DTOs.ItemDto, api, Version=1.0.0.0, Culture=neutral, PublicKeyToken=null]]'.
2024-11-22 16:20:30.923 +01:00 [INF] Executed action FoodRegistration.Controllers.ItemAPIController.GetItems (api) in 407.9441ms
2024-11-22 16:20:30.924 +01:00 [INF] Executed endpoint 'FoodRegistration.Controllers.ItemAPIController.GetItems (api)'
2024-11-22 16:20:30.932 +01:00 [INF] Request finished HTTP/1.1 GET http://localhost:5244/api/itemapi/items - 200 768 application/json; charset=utf-8 534.7897ms
2024-11-22 16:20:31.313 +01:00 [INF] Request starting HTTP/1.1 GET http://localhost:5244/api/itemapi/items - null null
2024-11-22 16:20:31.317 +01:00 [INF] CORS policy execution successful.
2024-11-22 16:20:31.317 +01:00 [INF] Executing endpoint 'FoodRegistration.Controllers.ItemAPIController.GetItems (api)'
2024-11-22 16:20:31.317 +01:00 [INF] Route matched with {action = "GetItems", controller = "ItemAPI"}. Executing controller action with signature System.Threading.Tasks.Task`1[Microsoft.AspNetCore.Mvc.IActionResult] GetItems() on controller FoodRegistration.Controllers.ItemAPIController (api).
2024-11-22 16:20:31.378 +01:00 [INF] Executing OkObjectResult, writing value of type 'System.Linq.Enumerable+SelectListIterator`2[[FoodRegistration.Models.Item, api, Version=1.0.0.0, Culture=neutral, PublicKeyToken=null],[FoodRegistration.DTOs.ItemDto, api, Version=1.0.0.0, Culture=neutral, PublicKeyToken=null]]'.
2024-11-22 16:20:31.379 +01:00 [INF] Executed action FoodRegistration.Controllers.ItemAPIController.GetItems (api) in 61.3251ms
2024-11-22 16:20:31.379 +01:00 [INF] Executed endpoint 'FoodRegistration.Controllers.ItemAPIController.GetItems (api)'
2024-11-22 16:20:31.380 +01:00 [INF] Request finished HTTP/1.1 GET http://localhost:5244/api/itemapi/items - 200 768 application/json; charset=utf-8 66.3994ms
