2024-11-22 14:15:26.137 +01:00 [INF] Now listening on: https://localhost:7217
2024-11-22 14:15:26.146 +01:00 [INF] Now listening on: http://localhost:5244
2024-11-22 14:15:26.153 +01:00 [INF] Application started. Press Ctrl+C to shut down.
2024-11-22 14:15:26.155 +01:00 [INF] Hosting environment: Development
2024-11-22 14:15:26.157 +01:00 [INF] Content root path: C:\Users\tine_\OneDrive\Skrivebord\ITPE-Eksamen\sub2\FoodRegistration\FoodRegistrationReact\api
2024-11-22 14:15:35.483 +01:00 [INF] Request starting HTTP/1.1 GET http://localhost:5244/api/itemapi/items - null null
2024-11-22 14:15:35.530 +01:00 [INF] CORS policy execution successful.
2024-11-22 14:15:35.535 +01:00 [INF] Executing endpoint 'FoodRegistration.Controllers.ItemAPIController.GetItems (api)'
2024-11-22 14:15:35.562 +01:00 [INF] Route matched with {action = "GetItems", controller = "ItemAPI"}. Executing controller action with signature System.Threading.Tasks.Task`1[Microsoft.AspNetCore.Mvc.IActionResult] GetItems() on controller FoodRegistration.Controllers.ItemAPIController (api).
2024-11-22 14:15:35.829 +01:00 [INF] Executing OkObjectResult, writing value of type 'System.Linq.Enumerable+SelectListIterator`2[[FoodRegistration.Models.Item, api, Version=1.0.0.0, Culture=neutral, PublicKeyToken=null],[FoodRegistration.DTOs.ItemDto, api, Version=1.0.0.0, Culture=neutral, PublicKeyToken=null]]'.
2024-11-22 14:15:35.939 +01:00 [INF] Request starting HTTP/1.1 GET http://localhost:5244/api/itemapi/items - null null
2024-11-22 14:15:35.939 +01:00 [INF] Executed action FoodRegistration.Controllers.ItemAPIController.GetItems (api) in 373.3014ms
2024-11-22 14:15:35.941 +01:00 [INF] Executed endpoint 'FoodRegistration.Controllers.ItemAPIController.GetItems (api)'
2024-11-22 14:15:35.942 +01:00 [INF] CORS policy execution successful.
2024-11-22 14:15:35.942 +01:00 [INF] Executing endpoint 'FoodRegistration.Controllers.ItemAPIController.GetItems (api)'
2024-11-22 14:15:35.943 +01:00 [INF] Route matched with {action = "GetItems", controller = "ItemAPI"}. Executing controller action with signature System.Threading.Tasks.Task`1[Microsoft.AspNetCore.Mvc.IActionResult] GetItems() on controller FoodRegistration.Controllers.ItemAPIController (api).
2024-11-22 14:15:35.948 +01:00 [INF] Request starting HTTP/1.1 GET http://localhost:5244/images/banana.jpg - null null
2024-11-22 14:15:35.953 +01:00 [INF] Request starting HTTP/1.1 GET http://localhost:5244/images/apple.jpg - null null
2024-11-22 14:15:35.974 +01:00 [INF] Request finished HTTP/1.1 GET http://localhost:5244/images/banana.jpg - 404 0 null 18.3753ms
2024-11-22 14:15:35.974 +01:00 [INF] Request finished HTTP/1.1 GET http://localhost:5244/images/apple.jpg - 404 0 null 13.4179ms
2024-11-22 14:15:35.976 +01:00 [INF] Request reached the end of the middleware pipeline without being handled by application code. Request path: GET http://localhost:5244/images/banana.jpg, Response status code: 404
2024-11-22 14:15:35.976 +01:00 [INF] Request reached the end of the middleware pipeline without being handled by application code. Request path: GET http://localhost:5244/images/apple.jpg, Response status code: 404
2024-11-22 14:15:35.977 +01:00 [INF] Request finished HTTP/1.1 GET http://localhost:5244/api/itemapi/items - 200 768 application/json; charset=utf-8 496.2984ms
2024-11-22 14:15:36.012 +01:00 [INF] Executing OkObjectResult, writing value of type 'System.Linq.Enumerable+SelectListIterator`2[[FoodRegistration.Models.Item, api, Version=1.0.0.0, Culture=neutral, PublicKeyToken=null],[FoodRegistration.DTOs.ItemDto, api, Version=1.0.0.0, Culture=neutral, PublicKeyToken=null]]'.
2024-11-22 14:15:36.013 +01:00 [INF] Executed action FoodRegistration.Controllers.ItemAPIController.GetItems (api) in 69.8238ms
2024-11-22 14:15:36.013 +01:00 [INF] Executed endpoint 'FoodRegistration.Controllers.ItemAPIController.GetItems (api)'
2024-11-22 14:15:36.013 +01:00 [INF] Request finished HTTP/1.1 GET http://localhost:5244/api/itemapi/items - 200 768 application/json; charset=utf-8 74.2399ms
2024-11-22 14:17:20.349 +01:00 [INF] Request starting HTTP/1.1 GET http://localhost:5244/api/itemapi/items - null null
2024-11-22 14:17:20.349 +01:00 [INF] CORS policy execution successful.
2024-11-22 14:17:20.350 +01:00 [INF] Executing endpoint 'FoodRegistration.Controllers.ItemAPIController.GetItems (api)'
2024-11-22 14:17:20.350 +01:00 [INF] Route matched with {action = "GetItems", controller = "ItemAPI"}. Executing controller action with signature System.Threading.Tasks.Task`1[Microsoft.AspNetCore.Mvc.IActionResult] GetItems() on controller FoodRegistration.Controllers.ItemAPIController (api).
2024-11-22 14:17:20.356 +01:00 [INF] Executing OkObjectResult, writing value of type 'System.Linq.Enumerable+SelectListIterator`2[[FoodRegistration.Models.Item, api, Version=1.0.0.0, Culture=neutral, PublicKeyToken=null],[FoodRegistration.DTOs.ItemDto, api, Version=1.0.0.0, Culture=neutral, PublicKeyToken=null]]'.
2024-11-22 14:17:20.357 +01:00 [INF] Executed action FoodRegistration.Controllers.ItemAPIController.GetItems (api) in 6.6819ms
2024-11-22 14:17:20.357 +01:00 [INF] Executed endpoint 'FoodRegistration.Controllers.ItemAPIController.GetItems (api)'
2024-11-22 14:17:20.357 +01:00 [INF] Request finished HTTP/1.1 GET http://localhost:5244/api/itemapi/items - 200 768 application/json; charset=utf-8 8.4886ms
