2024-11-24 20:13:50.392 +01:00 [INF] Now listening on: https://localhost:7217
2024-11-24 20:13:50.403 +01:00 [INF] Now listening on: http://localhost:5244
2024-11-24 20:13:50.410 +01:00 [INF] Application started. Press Ctrl+C to shut down.
2024-11-24 20:13:50.413 +01:00 [INF] Hosting environment: Development
2024-11-24 20:13:50.415 +01:00 [INF] Content root path: C:\documents\Eksamen\FoodRegistration\FoodRegistrationReact\api
2024-11-24 20:18:25.872 +01:00 [INF] Request starting HTTP/1.1 GET http://localhost:5244/api/itemapi/items - null null
2024-11-24 20:18:26.038 +01:00 [INF] CORS policy execution successful.
2024-11-24 20:18:26.047 +01:00 [INF] Executing endpoint 'FoodRegistration.Controllers.ItemAPIController.GetItems (api)'
2024-11-24 20:18:26.099 +01:00 [INF] Route matched with {action = "GetItems", controller = "ItemAPI"}. Executing controller action with signature System.Threading.Tasks.Task`1[Microsoft.AspNetCore.Mvc.IActionResult] GetItems() on controller FoodRegistration.Controllers.ItemAPIController (api).
2024-11-24 20:18:26.910 +01:00 [INF] Executing OkObjectResult, writing value of type 'System.Linq.Enumerable+SelectListIterator`2[[FoodRegistration.Models.Item, api, Version=1.0.0.0, Culture=neutral, PublicKeyToken=null],[FoodRegistration.DTOs.ItemDto, api, Version=1.0.0.0, Culture=neutral, PublicKeyToken=null]]'.
2024-11-24 20:18:27.352 +01:00 [INF] Executed action FoodRegistration.Controllers.ItemAPIController.GetItems (api) in 1228.1341ms
2024-11-24 20:18:27.352 +01:00 [INF] Request starting HTTP/1.1 GET http://localhost:5244/api/itemapi/items - null null
2024-11-24 20:18:27.356 +01:00 [INF] Executed endpoint 'FoodRegistration.Controllers.ItemAPIController.GetItems (api)'
2024-11-24 20:18:27.362 +01:00 [INF] CORS policy execution successful.
2024-11-24 20:18:27.363 +01:00 [INF] Executing endpoint 'FoodRegistration.Controllers.ItemAPIController.GetItems (api)'
2024-11-24 20:18:27.364 +01:00 [INF] Route matched with {action = "GetItems", controller = "ItemAPI"}. Executing controller action with signature System.Threading.Tasks.Task`1[Microsoft.AspNetCore.Mvc.IActionResult] GetItems() on controller FoodRegistration.Controllers.ItemAPIController (api).
2024-11-24 20:18:27.401 +01:00 [INF] Request finished HTTP/1.1 GET http://localhost:5244/api/itemapi/items - 200 768 application/json; charset=utf-8 1534.6885ms
2024-11-24 20:18:27.463 +01:00 [INF] Request starting HTTP/1.1 GET http://localhost:5244/images/banana.jpg - null null
2024-11-24 20:18:27.463 +01:00 [INF] Request starting HTTP/1.1 GET http://localhost:5244/images/apple.jpg - null null
2024-11-24 20:18:27.506 +01:00 [INF] Request finished HTTP/1.1 GET http://localhost:5244/images/apple.jpg - 404 0 null 43.6073ms
2024-11-24 20:18:27.506 +01:00 [INF] Request finished HTTP/1.1 GET http://localhost:5244/images/banana.jpg - 404 0 null 43.5618ms
2024-11-24 20:18:27.507 +01:00 [INF] Request reached the end of the middleware pipeline without being handled by application code. Request path: GET http://localhost:5244/images/banana.jpg, Response status code: 404
2024-11-24 20:18:27.507 +01:00 [INF] Request reached the end of the middleware pipeline without being handled by application code. Request path: GET http://localhost:5244/images/apple.jpg, Response status code: 404
2024-11-24 20:18:27.650 +01:00 [INF] Executing OkObjectResult, writing value of type 'System.Linq.Enumerable+SelectListIterator`2[[FoodRegistration.Models.Item, api, Version=1.0.0.0, Culture=neutral, PublicKeyToken=null],[FoodRegistration.DTOs.ItemDto, api, Version=1.0.0.0, Culture=neutral, PublicKeyToken=null]]'.
2024-11-24 20:18:27.651 +01:00 [INF] Executed action FoodRegistration.Controllers.ItemAPIController.GetItems (api) in 286.5736ms
2024-11-24 20:18:27.651 +01:00 [INF] Executed endpoint 'FoodRegistration.Controllers.ItemAPIController.GetItems (api)'
2024-11-24 20:18:27.652 +01:00 [INF] Request finished HTTP/1.1 GET http://localhost:5244/api/itemapi/items - 200 768 application/json; charset=utf-8 299.7538ms
