2024-11-22 13:32:17.933 +01:00 [INF] Now listening on: https://localhost:7217
2024-11-22 13:32:17.955 +01:00 [INF] Now listening on: http://localhost:5244
2024-11-22 13:32:17.971 +01:00 [INF] Application started. Press Ctrl+C to shut down.
2024-11-22 13:32:17.976 +01:00 [INF] Hosting environment: Development
2024-11-22 13:32:17.984 +01:00 [INF] Content root path: C:\Users\tine_\OneDrive\Skrivebord\ITPE-Eksamen\sub2\FoodRegistration\FoodRegistrationReact\api
2024-11-22 13:33:24.055 +01:00 [INF] Request starting HTTP/1.1 GET http://localhost:5244/api/itemapi/items - null null
2024-11-22 13:33:24.139 +01:00 [INF] CORS policy execution successful.
2024-11-22 13:33:24.143 +01:00 [INF] Executing endpoint 'FoodRegistration.Controllers.ItemAPIController.GetItems (api)'
2024-11-22 13:33:24.169 +01:00 [INF] Route matched with {action = "GetItems", controller = "ItemAPI"}. Executing controller action with signature System.Threading.Tasks.Task`1[Microsoft.AspNetCore.Mvc.IActionResult] GetItems() on controller FoodRegistration.Controllers.ItemAPIController (api).
2024-11-22 13:33:24.535 +01:00 [INF] Executing OkObjectResult, writing value of type 'System.Linq.Enumerable+SelectListIterator`2[[FoodRegistration.Models.Item, api, Version=1.0.0.0, Culture=neutral, PublicKeyToken=null],[FoodRegistration.DTOs.ItemDto, api, Version=1.0.0.0, Culture=neutral, PublicKeyToken=null]]'.
2024-11-22 13:33:24.724 +01:00 [INF] Executed action FoodRegistration.Controllers.ItemAPIController.GetItems (api) in 541.6905ms
2024-11-22 13:33:24.725 +01:00 [INF] Request starting HTTP/1.1 GET http://localhost:5244/api/itemapi/items - null null
2024-11-22 13:33:24.727 +01:00 [INF] Executed endpoint 'FoodRegistration.Controllers.ItemAPIController.GetItems (api)'
2024-11-22 13:33:24.730 +01:00 [INF] CORS policy execution successful.
2024-11-22 13:33:24.730 +01:00 [INF] Executing endpoint 'FoodRegistration.Controllers.ItemAPIController.GetItems (api)'
2024-11-22 13:33:24.730 +01:00 [INF] Route matched with {action = "GetItems", controller = "ItemAPI"}. Executing controller action with signature System.Threading.Tasks.Task`1[Microsoft.AspNetCore.Mvc.IActionResult] GetItems() on controller FoodRegistration.Controllers.ItemAPIController (api).
2024-11-22 13:33:24.740 +01:00 [INF] Request finished HTTP/1.1 GET http://localhost:5244/api/itemapi/items - 200 364 application/json; charset=utf-8 689.2801ms
2024-11-22 13:33:24.815 +01:00 [INF] Executing OkObjectResult, writing value of type 'System.Linq.Enumerable+SelectListIterator`2[[FoodRegistration.Models.Item, api, Version=1.0.0.0, Culture=neutral, PublicKeyToken=null],[FoodRegistration.DTOs.ItemDto, api, Version=1.0.0.0, Culture=neutral, PublicKeyToken=null]]'.
2024-11-22 13:33:24.817 +01:00 [INF] Executed action FoodRegistration.Controllers.ItemAPIController.GetItems (api) in 85.8398ms
2024-11-22 13:33:24.817 +01:00 [INF] Executed endpoint 'FoodRegistration.Controllers.ItemAPIController.GetItems (api)'
2024-11-22 13:33:24.817 +01:00 [INF] Request finished HTTP/1.1 GET http://localhost:5244/api/itemapi/items - 200 364 application/json; charset=utf-8 92.0315ms
2024-11-22 13:37:39.290 +01:00 [INF] Request starting HTTP/1.1 GET http://localhost:5244/items - null null
2024-11-22 13:37:39.294 +01:00 [INF] CORS policy execution successful.
2024-11-22 13:37:39.295 +01:00 [INF] Request finished HTTP/1.1 GET http://localhost:5244/items - 404 0 null 7.3937ms
2024-11-22 13:37:39.296 +01:00 [INF] Request reached the end of the middleware pipeline without being handled by application code. Request path: GET http://localhost:5244/items, Response status code: 404
