2024-11-24 21:23:30.270 +01:00 [INF] Now listening on: https://localhost:7217
2024-11-24 21:23:30.280 +01:00 [INF] Now listening on: http://localhost:5244
2024-11-24 21:23:30.286 +01:00 [INF] Application started. Press Ctrl+C to shut down.
2024-11-24 21:23:30.290 +01:00 [INF] Hosting environment: Development
2024-11-24 21:23:30.293 +01:00 [INF] Content root path: C:\documents\Eksamen\FoodRegistration\FoodRegistrationReact\api
2024-11-24 21:23:44.892 +01:00 [INF] Request starting HTTP/1.1 GET http://localhost:5244/api/itemapi/items - null null
2024-11-24 21:23:44.965 +01:00 [INF] CORS policy execution successful.
2024-11-24 21:23:44.971 +01:00 [INF] Executing endpoint 'FoodRegistration.Controllers.ItemAPIController.GetItems (api)'
2024-11-24 21:23:44.992 +01:00 [INF] Route matched with {action = "GetItems", controller = "ItemAPI"}. Executing controller action with signature System.Threading.Tasks.Task`1[Microsoft.AspNetCore.Mvc.IActionResult] GetItems() on controller FoodRegistration.Controllers.ItemAPIController (api).
2024-11-24 21:23:45.242 +01:00 [INF] Executing OkObjectResult, writing value of type 'System.Linq.Enumerable+SelectListIterator`2[[FoodRegistration.Models.Item, api, Version=1.0.0.0, Culture=neutral, PublicKeyToken=null],[FoodRegistration.DTOs.ItemDto, api, Version=1.0.0.0, Culture=neutral, PublicKeyToken=null]]'.
2024-11-24 21:23:45.367 +01:00 [INF] Executed action FoodRegistration.Controllers.ItemAPIController.GetItems (api) in 368.6849ms
2024-11-24 21:23:45.368 +01:00 [INF] Executed endpoint 'FoodRegistration.Controllers.ItemAPIController.GetItems (api)'
2024-11-24 21:23:45.378 +01:00 [INF] Request finished HTTP/1.1 GET http://localhost:5244/api/itemapi/items - 200 1122 application/json; charset=utf-8 488.5584ms
2024-11-24 21:23:45.380 +01:00 [INF] Request starting HTTP/1.1 GET http://localhost:5244/api/itemapi/items - null null
2024-11-24 21:23:45.386 +01:00 [INF] CORS policy execution successful.
2024-11-24 21:23:45.387 +01:00 [INF] Executing endpoint 'FoodRegistration.Controllers.ItemAPIController.GetItems (api)'
2024-11-24 21:23:45.387 +01:00 [INF] Route matched with {action = "GetItems", controller = "ItemAPI"}. Executing controller action with signature System.Threading.Tasks.Task`1[Microsoft.AspNetCore.Mvc.IActionResult] GetItems() on controller FoodRegistration.Controllers.ItemAPIController (api).
2024-11-24 21:23:45.408 +01:00 [INF] Request starting HTTP/1.1 GET http://localhost:5244/ - null null
2024-11-24 21:23:45.408 +01:00 [INF] Request starting HTTP/1.1 GET http://localhost:5244/images/banana.jpg - null null
2024-11-24 21:23:45.408 +01:00 [INF] Request starting HTTP/1.1 GET http://localhost:5244/images/apple.jpg - null null
2024-11-24 21:23:45.410 +01:00 [INF] Request finished HTTP/1.1 GET http://localhost:5244/ - 404 0 null 2.6118ms
2024-11-24 21:23:45.418 +01:00 [INF] Request reached the end of the middleware pipeline without being handled by application code. Request path: GET http://localhost:5244/, Response status code: 404
2024-11-24 21:23:45.419 +01:00 [INF] Request finished HTTP/1.1 GET http://localhost:5244/images/banana.jpg - 404 0 null 10.7518ms
2024-11-24 21:23:45.419 +01:00 [INF] Request finished HTTP/1.1 GET http://localhost:5244/images/apple.jpg - 404 0 null 10.68ms
2024-11-24 21:23:45.419 +01:00 [INF] Request reached the end of the middleware pipeline without being handled by application code. Request path: GET http://localhost:5244/images/apple.jpg, Response status code: 404
2024-11-24 21:23:45.419 +01:00 [INF] Request reached the end of the middleware pipeline without being handled by application code. Request path: GET http://localhost:5244/images/banana.jpg, Response status code: 404
2024-11-24 21:23:45.472 +01:00 [INF] Executing OkObjectResult, writing value of type 'System.Linq.Enumerable+SelectListIterator`2[[FoodRegistration.Models.Item, api, Version=1.0.0.0, Culture=neutral, PublicKeyToken=null],[FoodRegistration.DTOs.ItemDto, api, Version=1.0.0.0, Culture=neutral, PublicKeyToken=null]]'.
2024-11-24 21:23:45.473 +01:00 [INF] Executed action FoodRegistration.Controllers.ItemAPIController.GetItems (api) in 85.9162ms
2024-11-24 21:23:45.473 +01:00 [INF] Executed endpoint 'FoodRegistration.Controllers.ItemAPIController.GetItems (api)'
2024-11-24 21:23:45.473 +01:00 [INF] Request finished HTTP/1.1 GET http://localhost:5244/api/itemapi/items - 200 1122 application/json; charset=utf-8 93.3861ms
