2024-11-24 20:58:35.829 +01:00 [INF] Now listening on: https://localhost:7217
2024-11-24 20:58:35.838 +01:00 [INF] Now listening on: http://localhost:5244
2024-11-24 20:58:35.844 +01:00 [INF] Application started. Press Ctrl+C to shut down.
2024-11-24 20:58:35.847 +01:00 [INF] Hosting environment: Development
2024-11-24 20:58:35.849 +01:00 [INF] Content root path: C:\documents\Eksamen\FoodRegistration\FoodRegistrationReact\api
2024-11-24 20:58:45.374 +01:00 [INF] Request starting HTTP/1.1 GET http://localhost:5244/api/itemapi/items - null null
2024-11-24 20:58:45.424 +01:00 [INF] CORS policy execution successful.
2024-11-24 20:58:45.428 +01:00 [INF] Executing endpoint 'FoodRegistration.Controllers.ItemAPIController.GetItems (api)'
2024-11-24 20:58:45.444 +01:00 [INF] Route matched with {action = "GetItems", controller = "ItemAPI"}. Executing controller action with signature System.Threading.Tasks.Task`1[Microsoft.AspNetCore.Mvc.IActionResult] GetItems() on controller FoodRegistration.Controllers.ItemAPIController (api).
2024-11-24 20:58:45.726 +01:00 [INF] Executing OkObjectResult, writing value of type 'System.Linq.Enumerable+SelectListIterator`2[[FoodRegistration.Models.Item, api, Version=1.0.0.0, Culture=neutral, PublicKeyToken=null],[FoodRegistration.DTOs.ItemDto, api, Version=1.0.0.0, Culture=neutral, PublicKeyToken=null]]'.
2024-11-24 20:58:45.838 +01:00 [INF] Executed action FoodRegistration.Controllers.ItemAPIController.GetItems (api) in 389.4377ms
2024-11-24 20:58:45.839 +01:00 [INF] Request starting HTTP/1.1 GET http://localhost:5244/api/itemapi/items - null null
2024-11-24 20:58:45.840 +01:00 [INF] Executed endpoint 'FoodRegistration.Controllers.ItemAPIController.GetItems (api)'
2024-11-24 20:58:45.843 +01:00 [INF] CORS policy execution successful.
2024-11-24 20:58:45.843 +01:00 [INF] Executing endpoint 'FoodRegistration.Controllers.ItemAPIController.GetItems (api)'
2024-11-24 20:58:45.843 +01:00 [INF] Route matched with {action = "GetItems", controller = "ItemAPI"}. Executing controller action with signature System.Threading.Tasks.Task`1[Microsoft.AspNetCore.Mvc.IActionResult] GetItems() on controller FoodRegistration.Controllers.ItemAPIController (api).
2024-11-24 20:58:45.854 +01:00 [INF] Request finished HTTP/1.1 GET http://localhost:5244/api/itemapi/items - 200 768 application/json; charset=utf-8 482.802ms
2024-11-24 20:58:45.866 +01:00 [INF] Request starting HTTP/1.1 GET http://localhost:5244/images/apple.jpg - null null
2024-11-24 20:58:45.866 +01:00 [INF] Request starting HTTP/1.1 GET http://localhost:5244/images/banana.jpg - null null
2024-11-24 20:58:45.884 +01:00 [INF] Request finished HTTP/1.1 GET http://localhost:5244/images/apple.jpg - 404 0 null 17.6412ms
2024-11-24 20:58:45.884 +01:00 [INF] Request finished HTTP/1.1 GET http://localhost:5244/images/banana.jpg - 404 0 null 17.6366ms
2024-11-24 20:58:45.884 +01:00 [INF] Request reached the end of the middleware pipeline without being handled by application code. Request path: GET http://localhost:5244/images/banana.jpg, Response status code: 404
2024-11-24 20:58:45.884 +01:00 [INF] Request reached the end of the middleware pipeline without being handled by application code. Request path: GET http://localhost:5244/images/apple.jpg, Response status code: 404
2024-11-24 20:58:45.919 +01:00 [INF] Executing OkObjectResult, writing value of type 'System.Linq.Enumerable+SelectListIterator`2[[FoodRegistration.Models.Item, api, Version=1.0.0.0, Culture=neutral, PublicKeyToken=null],[FoodRegistration.DTOs.ItemDto, api, Version=1.0.0.0, Culture=neutral, PublicKeyToken=null]]'.
2024-11-24 20:58:45.920 +01:00 [INF] Executed action FoodRegistration.Controllers.ItemAPIController.GetItems (api) in 76.3686ms
2024-11-24 20:58:45.920 +01:00 [INF] Executed endpoint 'FoodRegistration.Controllers.ItemAPIController.GetItems (api)'
2024-11-24 20:58:45.920 +01:00 [INF] Request finished HTTP/1.1 GET http://localhost:5244/api/itemapi/items - 200 768 application/json; charset=utf-8 81.4938ms
2024-11-24 20:59:31.173 +01:00 [INF] Request starting HTTP/1.1 OPTIONS http://localhost:5244/api/itemapi/items - null null
2024-11-24 20:59:31.175 +01:00 [INF] CORS policy execution successful.
2024-11-24 20:59:31.178 +01:00 [INF] Request finished HTTP/1.1 OPTIONS http://localhost:5244/api/itemapi/items - 204 null null 4.2695ms
2024-11-24 20:59:31.193 +01:00 [INF] Request starting HTTP/1.1 POST http://localhost:5244/api/itemapi/items - application/json 261
2024-11-24 20:59:31.194 +01:00 [INF] CORS policy execution successful.
2024-11-24 20:59:31.194 +01:00 [INF] Executing endpoint 'FoodRegistration.Controllers.ItemAPIController.CreateItem (api)'
2024-11-24 20:59:31.218 +01:00 [INF] Route matched with {action = "CreateItem", controller = "ItemAPI"}. Executing controller action with signature System.Threading.Tasks.Task`1[Microsoft.AspNetCore.Mvc.IActionResult] CreateItem(FoodRegistration.Models.Item) on controller FoodRegistration.Controllers.ItemAPIController (api).
2024-11-24 20:59:31.288 +01:00 [INF] Request starting HTTP/1.1 POST http://localhost:5244/api/itemapi/items - application/json 261
2024-11-24 20:59:31.290 +01:00 [INF] CORS policy execution successful.
2024-11-24 20:59:31.291 +01:00 [INF] Executing endpoint 'FoodRegistration.Controllers.ItemAPIController.CreateItem (api)'
2024-11-24 20:59:31.291 +01:00 [INF] Route matched with {action = "CreateItem", controller = "ItemAPI"}. Executing controller action with signature System.Threading.Tasks.Task`1[Microsoft.AspNetCore.Mvc.IActionResult] CreateItem(FoodRegistration.Models.Item) on controller FoodRegistration.Controllers.ItemAPIController (api).
2024-11-24 20:59:31.783 +01:00 [INF] Executing CreatedAtActionResult, writing value of type 'FoodRegistration.Models.Item'.
2024-11-24 20:59:31.854 +01:00 [INF] Executed action FoodRegistration.Controllers.ItemAPIController.CreateItem (api) in 635.357ms
2024-11-24 20:59:31.854 +01:00 [INF] Executed endpoint 'FoodRegistration.Controllers.ItemAPIController.CreateItem (api)'
2024-11-24 20:59:31.856 +01:00 [INF] Request finished HTTP/1.1 POST http://localhost:5244/api/itemapi/items - 201 358 application/json; charset=utf-8 663.0828ms
2024-11-24 20:59:31.861 +01:00 [INF] Executing CreatedAtActionResult, writing value of type 'FoodRegistration.Models.Item'.
2024-11-24 20:59:31.863 +01:00 [INF] Executed action FoodRegistration.Controllers.ItemAPIController.CreateItem (api) in 571.2659ms
2024-11-24 20:59:31.863 +01:00 [INF] Executed endpoint 'FoodRegistration.Controllers.ItemAPIController.CreateItem (api)'
2024-11-24 20:59:31.863 +01:00 [INF] Request finished HTTP/1.1 POST http://localhost:5244/api/itemapi/items - 201 357 application/json; charset=utf-8 575.0681ms
2024-11-24 20:59:31.869 +01:00 [INF] Request starting HTTP/1.1 GET http://localhost:5244/api/itemapi/items - null null
2024-11-24 20:59:31.869 +01:00 [INF] CORS policy execution successful.
2024-11-24 20:59:31.870 +01:00 [INF] Executing endpoint 'FoodRegistration.Controllers.ItemAPIController.GetItems (api)'
2024-11-24 20:59:31.870 +01:00 [INF] Route matched with {action = "GetItems", controller = "ItemAPI"}. Executing controller action with signature System.Threading.Tasks.Task`1[Microsoft.AspNetCore.Mvc.IActionResult] GetItems() on controller FoodRegistration.Controllers.ItemAPIController (api).
2024-11-24 20:59:31.878 +01:00 [INF] Executing OkObjectResult, writing value of type 'System.Linq.Enumerable+SelectListIterator`2[[FoodRegistration.Models.Item, api, Version=1.0.0.0, Culture=neutral, PublicKeyToken=null],[FoodRegistration.DTOs.ItemDto, api, Version=1.0.0.0, Culture=neutral, PublicKeyToken=null]]'.
2024-11-24 20:59:31.879 +01:00 [INF] Executed action FoodRegistration.Controllers.ItemAPIController.GetItems (api) in 8.8073ms
2024-11-24 20:59:31.879 +01:00 [INF] Executed endpoint 'FoodRegistration.Controllers.ItemAPIController.GetItems (api)'
2024-11-24 20:59:31.879 +01:00 [INF] Request finished HTTP/1.1 GET http://localhost:5244/api/itemapi/items - 200 1475 application/json; charset=utf-8 10.3993ms
2024-11-24 20:59:31.885 +01:00 [INF] Request starting HTTP/1.1 GET http://localhost:5244/api/itemapi/items - null null
2024-11-24 20:59:31.888 +01:00 [INF] CORS policy execution successful.
2024-11-24 20:59:31.889 +01:00 [INF] Executing endpoint 'FoodRegistration.Controllers.ItemAPIController.GetItems (api)'
2024-11-24 20:59:31.889 +01:00 [INF] Route matched with {action = "GetItems", controller = "ItemAPI"}. Executing controller action with signature System.Threading.Tasks.Task`1[Microsoft.AspNetCore.Mvc.IActionResult] GetItems() on controller FoodRegistration.Controllers.ItemAPIController (api).
2024-11-24 20:59:31.895 +01:00 [INF] Executing OkObjectResult, writing value of type 'System.Linq.Enumerable+SelectListIterator`2[[FoodRegistration.Models.Item, api, Version=1.0.0.0, Culture=neutral, PublicKeyToken=null],[FoodRegistration.DTOs.ItemDto, api, Version=1.0.0.0, Culture=neutral, PublicKeyToken=null]]'.
2024-11-24 20:59:31.896 +01:00 [INF] Executed action FoodRegistration.Controllers.ItemAPIController.GetItems (api) in 6.6699ms
2024-11-24 20:59:31.896 +01:00 [INF] Executed endpoint 'FoodRegistration.Controllers.ItemAPIController.GetItems (api)'
2024-11-24 20:59:31.896 +01:00 [INF] Request finished HTTP/1.1 GET http://localhost:5244/api/itemapi/items - 200 1475 application/json; charset=utf-8 11.3647ms
2024-11-24 20:59:31.918 +01:00 [INF] Request starting HTTP/1.1 GET http://localhost:5244/images/banana.jpg - null null
2024-11-24 20:59:31.918 +01:00 [INF] Request starting HTTP/1.1 GET http://localhost:5244/images/apple.jpg - null null
2024-11-24 20:59:31.920 +01:00 [INF] Request starting HTTP/1.1 GET http://localhost:5244/ - null null
2024-11-24 20:59:31.920 +01:00 [INF] Request finished HTTP/1.1 GET http://localhost:5244/ - 404 0 null 0.2386ms
2024-11-24 20:59:31.920 +01:00 [INF] Request finished HTTP/1.1 GET http://localhost:5244/images/banana.jpg - 404 0 null 1.352ms
2024-11-24 20:59:31.920 +01:00 [INF] Request reached the end of the middleware pipeline without being handled by application code. Request path: GET http://localhost:5244/images/banana.jpg, Response status code: 404
2024-11-24 20:59:31.920 +01:00 [INF] Request finished HTTP/1.1 GET http://localhost:5244/images/apple.jpg - 404 0 null 1.5694ms
2024-11-24 20:59:31.920 +01:00 [INF] Request reached the end of the middleware pipeline without being handled by application code. Request path: GET http://localhost:5244/, Response status code: 404
2024-11-24 20:59:31.920 +01:00 [INF] Request reached the end of the middleware pipeline without being handled by application code. Request path: GET http://localhost:5244/images/apple.jpg, Response status code: 404
2024-11-24 21:06:43.122 +01:00 [INF] Request starting HTTP/1.1 GET http://localhost:5244/api/itemapi/items - null null
2024-11-24 21:06:43.123 +01:00 [INF] CORS policy execution successful.
2024-11-24 21:06:43.123 +01:00 [INF] Executing endpoint 'FoodRegistration.Controllers.ItemAPIController.GetItems (api)'
2024-11-24 21:06:43.123 +01:00 [INF] Route matched with {action = "GetItems", controller = "ItemAPI"}. Executing controller action with signature System.Threading.Tasks.Task`1[Microsoft.AspNetCore.Mvc.IActionResult] GetItems() on controller FoodRegistration.Controllers.ItemAPIController (api).
2024-11-24 21:06:43.133 +01:00 [INF] Executing OkObjectResult, writing value of type 'System.Linq.Enumerable+SelectListIterator`2[[FoodRegistration.Models.Item, api, Version=1.0.0.0, Culture=neutral, PublicKeyToken=null],[FoodRegistration.DTOs.ItemDto, api, Version=1.0.0.0, Culture=neutral, PublicKeyToken=null]]'.
2024-11-24 21:06:43.134 +01:00 [INF] Executed action FoodRegistration.Controllers.ItemAPIController.GetItems (api) in 10.2915ms
2024-11-24 21:06:43.134 +01:00 [INF] Executed endpoint 'FoodRegistration.Controllers.ItemAPIController.GetItems (api)'
2024-11-24 21:06:43.134 +01:00 [INF] Request finished HTTP/1.1 GET http://localhost:5244/api/itemapi/items - 200 1475 application/json; charset=utf-8 12.0947ms
2024-11-24 21:06:43.139 +01:00 [INF] Request starting HTTP/1.1 GET http://localhost:5244/api/itemapi/items - null null
2024-11-24 21:06:43.140 +01:00 [INF] CORS policy execution successful.
2024-11-24 21:06:43.140 +01:00 [INF] Executing endpoint 'FoodRegistration.Controllers.ItemAPIController.GetItems (api)'
2024-11-24 21:06:43.141 +01:00 [INF] Route matched with {action = "GetItems", controller = "ItemAPI"}. Executing controller action with signature System.Threading.Tasks.Task`1[Microsoft.AspNetCore.Mvc.IActionResult] GetItems() on controller FoodRegistration.Controllers.ItemAPIController (api).
2024-11-24 21:06:43.146 +01:00 [INF] Executing OkObjectResult, writing value of type 'System.Linq.Enumerable+SelectListIterator`2[[FoodRegistration.Models.Item, api, Version=1.0.0.0, Culture=neutral, PublicKeyToken=null],[FoodRegistration.DTOs.ItemDto, api, Version=1.0.0.0, Culture=neutral, PublicKeyToken=null]]'.
2024-11-24 21:06:43.146 +01:00 [INF] Executed action FoodRegistration.Controllers.ItemAPIController.GetItems (api) in 5.5912ms
2024-11-24 21:06:43.146 +01:00 [INF] Executed endpoint 'FoodRegistration.Controllers.ItemAPIController.GetItems (api)'
2024-11-24 21:06:43.147 +01:00 [INF] Request finished HTTP/1.1 GET http://localhost:5244/api/itemapi/items - 200 1475 application/json; charset=utf-8 7.4682ms
2024-11-24 21:06:43.155 +01:00 [INF] Request starting HTTP/1.1 GET http://localhost:5244/images/banana.jpg - null null
2024-11-24 21:06:43.155 +01:00 [INF] Request starting HTTP/1.1 GET http://localhost:5244/images/apple.jpg - null null
2024-11-24 21:06:43.155 +01:00 [INF] Request starting HTTP/1.1 GET http://localhost:5244/ - null null
2024-11-24 21:06:43.156 +01:00 [INF] Request finished HTTP/1.1 GET http://localhost:5244/ - 404 0 null 0.532ms
2024-11-24 21:06:43.156 +01:00 [INF] Request reached the end of the middleware pipeline without being handled by application code. Request path: GET http://localhost:5244/, Response status code: 404
2024-11-24 21:06:43.158 +01:00 [INF] Request finished HTTP/1.1 GET http://localhost:5244/images/banana.jpg - 404 0 null 3.2543ms
2024-11-24 21:06:43.158 +01:00 [INF] Request reached the end of the middleware pipeline without being handled by application code. Request path: GET http://localhost:5244/images/banana.jpg, Response status code: 404
2024-11-24 21:06:43.158 +01:00 [INF] Request finished HTTP/1.1 GET http://localhost:5244/images/apple.jpg - 404 0 null 3.8377ms
2024-11-24 21:06:43.158 +01:00 [INF] Request reached the end of the middleware pipeline without being handled by application code. Request path: GET http://localhost:5244/images/apple.jpg, Response status code: 404
2024-11-24 21:11:04.946 +01:00 [INF] Request starting HTTP/1.1 GET http://localhost:5244/api/itemapi/items - null null
2024-11-24 21:11:04.974 +01:00 [INF] CORS policy execution successful.
2024-11-24 21:11:04.974 +01:00 [INF] Executing endpoint 'FoodRegistration.Controllers.ItemAPIController.GetItems (api)'
2024-11-24 21:11:04.974 +01:00 [INF] Route matched with {action = "GetItems", controller = "ItemAPI"}. Executing controller action with signature System.Threading.Tasks.Task`1[Microsoft.AspNetCore.Mvc.IActionResult] GetItems() on controller FoodRegistration.Controllers.ItemAPIController (api).
2024-11-24 21:11:04.980 +01:00 [INF] Executing OkObjectResult, writing value of type 'System.Linq.Enumerable+SelectListIterator`2[[FoodRegistration.Models.Item, api, Version=1.0.0.0, Culture=neutral, PublicKeyToken=null],[FoodRegistration.DTOs.ItemDto, api, Version=1.0.0.0, Culture=neutral, PublicKeyToken=null]]'.
2024-11-24 21:11:04.981 +01:00 [INF] Executed action FoodRegistration.Controllers.ItemAPIController.GetItems (api) in 6.4603ms
2024-11-24 21:11:04.981 +01:00 [INF] Executed endpoint 'FoodRegistration.Controllers.ItemAPIController.GetItems (api)'
2024-11-24 21:11:04.981 +01:00 [INF] Request finished HTTP/1.1 GET http://localhost:5244/api/itemapi/items - 200 1475 application/json; charset=utf-8 35.5174ms
2024-11-24 21:11:04.982 +01:00 [INF] Request starting HTTP/1.1 GET http://localhost:5244/api/itemapi/items - null null
2024-11-24 21:11:04.982 +01:00 [INF] CORS policy execution successful.
2024-11-24 21:11:04.982 +01:00 [INF] Executing endpoint 'FoodRegistration.Controllers.ItemAPIController.GetItems (api)'
2024-11-24 21:11:04.983 +01:00 [INF] Route matched with {action = "GetItems", controller = "ItemAPI"}. Executing controller action with signature System.Threading.Tasks.Task`1[Microsoft.AspNetCore.Mvc.IActionResult] GetItems() on controller FoodRegistration.Controllers.ItemAPIController (api).
2024-11-24 21:11:04.987 +01:00 [INF] Executing OkObjectResult, writing value of type 'System.Linq.Enumerable+SelectListIterator`2[[FoodRegistration.Models.Item, api, Version=1.0.0.0, Culture=neutral, PublicKeyToken=null],[FoodRegistration.DTOs.ItemDto, api, Version=1.0.0.0, Culture=neutral, PublicKeyToken=null]]'.
2024-11-24 21:11:04.987 +01:00 [INF] Executed action FoodRegistration.Controllers.ItemAPIController.GetItems (api) in 4.6357ms
2024-11-24 21:11:04.987 +01:00 [INF] Executed endpoint 'FoodRegistration.Controllers.ItemAPIController.GetItems (api)'
2024-11-24 21:11:04.988 +01:00 [INF] Request finished HTTP/1.1 GET http://localhost:5244/api/itemapi/items - 200 1475 application/json; charset=utf-8 5.5318ms
2024-11-24 21:11:05.123 +01:00 [INF] Request starting HTTP/1.1 GET http://localhost:5244/images/apple.jpg - null null
2024-11-24 21:11:05.123 +01:00 [INF] Request starting HTTP/1.1 GET http://localhost:5244/images/banana.jpg - null null
2024-11-24 21:11:05.124 +01:00 [INF] Request starting HTTP/1.1 GET http://localhost:5244/ - null null
2024-11-24 21:11:05.125 +01:00 [INF] Request finished HTTP/1.1 GET http://localhost:5244/images/banana.jpg - 404 0 null 1.9511ms
2024-11-24 21:11:05.125 +01:00 [INF] Request finished HTTP/1.1 GET http://localhost:5244/ - 404 0 null 1.3516ms
2024-11-24 21:11:05.126 +01:00 [INF] Request reached the end of the middleware pipeline without being handled by application code. Request path: GET http://localhost:5244/, Response status code: 404
2024-11-24 21:11:05.126 +01:00 [INF] Request reached the end of the middleware pipeline without being handled by application code. Request path: GET http://localhost:5244/images/banana.jpg, Response status code: 404
2024-11-24 21:11:05.125 +01:00 [INF] Request finished HTTP/1.1 GET http://localhost:5244/images/apple.jpg - 404 0 null 2.1171ms
2024-11-24 21:11:05.130 +01:00 [INF] Request reached the end of the middleware pipeline without being handled by application code. Request path: GET http://localhost:5244/images/apple.jpg, Response status code: 404
2024-11-24 21:11:42.031 +01:00 [INF] Request starting HTTP/1.1 GET http://localhost:5244/api/itemapi/items/1 - null null
2024-11-24 21:11:42.039 +01:00 [INF] CORS policy execution successful.
2024-11-24 21:11:42.039 +01:00 [INF] Executing endpoint 'FoodRegistration.Controllers.ItemAPIController.GetItemById (api)'
2024-11-24 21:11:42.044 +01:00 [INF] Route matched with {action = "GetItemById", controller = "ItemAPI"}. Executing controller action with signature System.Threading.Tasks.Task`1[Microsoft.AspNetCore.Mvc.IActionResult] GetItemById(Int32) on controller FoodRegistration.Controllers.ItemAPIController (api).
2024-11-24 21:11:42.099 +01:00 [INF] Executing OkObjectResult, writing value of type 'Castle.Proxies.ItemProxy'.
2024-11-24 21:11:42.105 +01:00 [INF] Executed action FoodRegistration.Controllers.ItemAPIController.GetItemById (api) in 61.4737ms
2024-11-24 21:11:42.106 +01:00 [INF] Executed endpoint 'FoodRegistration.Controllers.ItemAPIController.GetItemById (api)'
2024-11-24 21:11:42.106 +01:00 [INF] Request finished HTTP/1.1 GET http://localhost:5244/api/itemapi/items/1 - 200 382 application/json; charset=utf-8 75.2484ms
2024-11-24 21:11:42.107 +01:00 [INF] Request starting HTTP/1.1 GET http://localhost:5244/api/itemapi/items/1 - null null
2024-11-24 21:11:42.107 +01:00 [INF] CORS policy execution successful.
2024-11-24 21:11:42.107 +01:00 [INF] Executing endpoint 'FoodRegistration.Controllers.ItemAPIController.GetItemById (api)'
2024-11-24 21:11:42.107 +01:00 [INF] Route matched with {action = "GetItemById", controller = "ItemAPI"}. Executing controller action with signature System.Threading.Tasks.Task`1[Microsoft.AspNetCore.Mvc.IActionResult] GetItemById(Int32) on controller FoodRegistration.Controllers.ItemAPIController (api).
2024-11-24 21:11:42.115 +01:00 [INF] Executing OkObjectResult, writing value of type 'Castle.Proxies.ItemProxy'.
2024-11-24 21:11:42.115 +01:00 [INF] Executed action FoodRegistration.Controllers.ItemAPIController.GetItemById (api) in 7.8403ms
2024-11-24 21:11:42.115 +01:00 [INF] Executed endpoint 'FoodRegistration.Controllers.ItemAPIController.GetItemById (api)'
2024-11-24 21:11:42.115 +01:00 [INF] Request finished HTTP/1.1 GET http://localhost:5244/api/itemapi/items/1 - 200 382 application/json; charset=utf-8 8.6503ms
2024-11-24 21:12:23.103 +01:00 [INF] Request starting HTTP/1.1 OPTIONS http://localhost:5244/api/itemapi/items/1 - null null
2024-11-24 21:12:23.103 +01:00 [INF] CORS policy execution successful.
2024-11-24 21:12:23.106 +01:00 [INF] Request finished HTTP/1.1 OPTIONS http://localhost:5244/api/itemapi/items/1 - 204 null null 3.0373ms
2024-11-24 21:12:23.113 +01:00 [INF] Request starting HTTP/1.1 PUT http://localhost:5244/api/itemapi/items/1 - application/json 380
2024-11-24 21:12:23.114 +01:00 [INF] CORS policy execution successful.
2024-11-24 21:12:23.114 +01:00 [INF] Executing endpoint 'FoodRegistration.Controllers.ItemAPIController.UpdateItem (api)'
2024-11-24 21:12:23.123 +01:00 [INF] Route matched with {action = "UpdateItem", controller = "ItemAPI"}. Executing controller action with signature System.Threading.Tasks.Task`1[Microsoft.AspNetCore.Mvc.IActionResult] UpdateItem(Int32, FoodRegistration.Models.Item) on controller FoodRegistration.Controllers.ItemAPIController (api).
2024-11-24 21:12:23.215 +01:00 [INF] Executing StatusCodeResult, setting HTTP status code 204
2024-11-24 21:12:23.215 +01:00 [INF] Executed action FoodRegistration.Controllers.ItemAPIController.UpdateItem (api) in 91.2362ms
2024-11-24 21:12:23.215 +01:00 [INF] Executed endpoint 'FoodRegistration.Controllers.ItemAPIController.UpdateItem (api)'
2024-11-24 21:12:23.215 +01:00 [INF] Request finished HTTP/1.1 PUT http://localhost:5244/api/itemapi/items/1 - 204 null null 105.2371ms
2024-11-24 21:12:23.246 +01:00 [INF] Request starting HTTP/1.1 GET http://localhost:5244/api/itemapi/items - null null
2024-11-24 21:12:23.247 +01:00 [INF] CORS policy execution successful.
2024-11-24 21:12:23.248 +01:00 [INF] Executing endpoint 'FoodRegistration.Controllers.ItemAPIController.GetItems (api)'
2024-11-24 21:12:23.248 +01:00 [INF] Route matched with {action = "GetItems", controller = "ItemAPI"}. Executing controller action with signature System.Threading.Tasks.Task`1[Microsoft.AspNetCore.Mvc.IActionResult] GetItems() on controller FoodRegistration.Controllers.ItemAPIController (api).
2024-11-24 21:12:23.254 +01:00 [INF] Executing OkObjectResult, writing value of type 'System.Linq.Enumerable+SelectListIterator`2[[FoodRegistration.Models.Item, api, Version=1.0.0.0, Culture=neutral, PublicKeyToken=null],[FoodRegistration.DTOs.ItemDto, api, Version=1.0.0.0, Culture=neutral, PublicKeyToken=null]]'.
2024-11-24 21:12:23.255 +01:00 [INF] Executed action FoodRegistration.Controllers.ItemAPIController.GetItems (api) in 6.7519ms
2024-11-24 21:12:23.255 +01:00 [INF] Executed endpoint 'FoodRegistration.Controllers.ItemAPIController.GetItems (api)'
2024-11-24 21:12:23.255 +01:00 [INF] Request finished HTTP/1.1 GET http://localhost:5244/api/itemapi/items - 200 1475 application/json; charset=utf-8 8.7552ms
2024-11-24 21:12:23.257 +01:00 [INF] Request starting HTTP/1.1 GET http://localhost:5244/api/itemapi/items - null null
2024-11-24 21:12:23.257 +01:00 [INF] CORS policy execution successful.
2024-11-24 21:12:23.257 +01:00 [INF] Executing endpoint 'FoodRegistration.Controllers.ItemAPIController.GetItems (api)'
2024-11-24 21:12:23.258 +01:00 [INF] Route matched with {action = "GetItems", controller = "ItemAPI"}. Executing controller action with signature System.Threading.Tasks.Task`1[Microsoft.AspNetCore.Mvc.IActionResult] GetItems() on controller FoodRegistration.Controllers.ItemAPIController (api).
2024-11-24 21:12:23.264 +01:00 [INF] Executing OkObjectResult, writing value of type 'System.Linq.Enumerable+SelectListIterator`2[[FoodRegistration.Models.Item, api, Version=1.0.0.0, Culture=neutral, PublicKeyToken=null],[FoodRegistration.DTOs.ItemDto, api, Version=1.0.0.0, Culture=neutral, PublicKeyToken=null]]'.
2024-11-24 21:12:23.264 +01:00 [INF] Executed action FoodRegistration.Controllers.ItemAPIController.GetItems (api) in 6.4785ms
2024-11-24 21:12:23.264 +01:00 [INF] Executed endpoint 'FoodRegistration.Controllers.ItemAPIController.GetItems (api)'
2024-11-24 21:12:23.264 +01:00 [INF] Request finished HTTP/1.1 GET http://localhost:5244/api/itemapi/items - 200 1475 application/json; charset=utf-8 7.8425ms
2024-11-24 21:12:23.278 +01:00 [INF] Request starting HTTP/1.1 GET http://localhost:5244/images/banana.jpg - null null
2024-11-24 21:12:23.278 +01:00 [INF] Request starting HTTP/1.1 GET http://localhost:5244/ - null null
2024-11-24 21:12:23.279 +01:00 [INF] Request starting HTTP/1.1 GET http://localhost:5244/images/apple.jpg - null null
2024-11-24 21:12:23.279 +01:00 [INF] Request finished HTTP/1.1 GET http://localhost:5244/ - 404 0 null 0.2058ms
2024-11-24 21:12:23.279 +01:00 [INF] Request finished HTTP/1.1 GET http://localhost:5244/images/banana.jpg - 404 0 null 0.8435ms
2024-11-24 21:12:23.280 +01:00 [INF] Request reached the end of the middleware pipeline without being handled by application code. Request path: GET http://localhost:5244/images/banana.jpg, Response status code: 404
2024-11-24 21:12:23.280 +01:00 [INF] Request reached the end of the middleware pipeline without being handled by application code. Request path: GET http://localhost:5244/, Response status code: 404
2024-11-24 21:12:23.284 +01:00 [INF] Request finished HTTP/1.1 GET http://localhost:5244/images/apple.jpg - 404 0 null 1.6355ms
2024-11-24 21:12:23.286 +01:00 [INF] Request reached the end of the middleware pipeline without being handled by application code. Request path: GET http://localhost:5244/images/apple.jpg, Response status code: 404
2024-11-24 21:16:33.951 +01:00 [INF] Request starting HTTP/1.1 GET http://localhost:5244/api/itemapi/items - null null
2024-11-24 21:16:33.951 +01:00 [INF] CORS policy execution successful.
2024-11-24 21:16:33.951 +01:00 [INF] Executing endpoint 'FoodRegistration.Controllers.ItemAPIController.GetItems (api)'
2024-11-24 21:16:33.951 +01:00 [INF] Route matched with {action = "GetItems", controller = "ItemAPI"}. Executing controller action with signature System.Threading.Tasks.Task`1[Microsoft.AspNetCore.Mvc.IActionResult] GetItems() on controller FoodRegistration.Controllers.ItemAPIController (api).
2024-11-24 21:16:33.961 +01:00 [INF] Executing OkObjectResult, writing value of type 'System.Linq.Enumerable+SelectListIterator`2[[FoodRegistration.Models.Item, api, Version=1.0.0.0, Culture=neutral, PublicKeyToken=null],[FoodRegistration.DTOs.ItemDto, api, Version=1.0.0.0, Culture=neutral, PublicKeyToken=null]]'.
2024-11-24 21:16:33.961 +01:00 [INF] Executed action FoodRegistration.Controllers.ItemAPIController.GetItems (api) in 9.4927ms
2024-11-24 21:16:33.961 +01:00 [INF] Executed endpoint 'FoodRegistration.Controllers.ItemAPIController.GetItems (api)'
2024-11-24 21:16:33.961 +01:00 [INF] Request finished HTTP/1.1 GET http://localhost:5244/api/itemapi/items - 200 1475 application/json; charset=utf-8 10.6821ms
2024-11-24 21:16:43.258 +01:00 [INF] Request starting HTTP/1.1 OPTIONS http://localhost:5244/api/itemapi/items/4 - null null
2024-11-24 21:16:43.259 +01:00 [INF] CORS policy execution successful.
2024-11-24 21:16:43.259 +01:00 [INF] Request finished HTTP/1.1 OPTIONS http://localhost:5244/api/itemapi/items/4 - 204 null null 0.3826ms
2024-11-24 21:16:43.260 +01:00 [INF] Request starting HTTP/1.1 DELETE http://localhost:5244/api/itemapi/items/4 - null null
2024-11-24 21:16:43.261 +01:00 [INF] CORS policy execution successful.
2024-11-24 21:16:43.261 +01:00 [INF] Executing endpoint 'FoodRegistration.Controllers.ItemAPIController.DeleteItem (api)'
2024-11-24 21:16:43.265 +01:00 [INF] Route matched with {action = "DeleteItem", controller = "ItemAPI"}. Executing controller action with signature System.Threading.Tasks.Task`1[Microsoft.AspNetCore.Mvc.IActionResult] DeleteItem(Int32) on controller FoodRegistration.Controllers.ItemAPIController (api).
2024-11-24 21:16:43.295 +01:00 [INF] Executing StatusCodeResult, setting HTTP status code 204
2024-11-24 21:16:43.295 +01:00 [INF] Executed action FoodRegistration.Controllers.ItemAPIController.DeleteItem (api) in 30.3783ms
2024-11-24 21:16:43.295 +01:00 [INF] Executed endpoint 'FoodRegistration.Controllers.ItemAPIController.DeleteItem (api)'
2024-11-24 21:16:43.296 +01:00 [INF] Request finished HTTP/1.1 DELETE http://localhost:5244/api/itemapi/items/4 - 204 null null 35.2568ms
2024-11-24 21:17:08.203 +01:00 [INF] Request starting HTTP/1.1 GET http://localhost:5244/api/itemapi/items - null null
2024-11-24 21:17:08.209 +01:00 [INF] CORS policy execution successful.
2024-11-24 21:17:08.210 +01:00 [INF] Executing endpoint 'FoodRegistration.Controllers.ItemAPIController.GetItems (api)'
2024-11-24 21:17:08.212 +01:00 [INF] Route matched with {action = "GetItems", controller = "ItemAPI"}. Executing controller action with signature System.Threading.Tasks.Task`1[Microsoft.AspNetCore.Mvc.IActionResult] GetItems() on controller FoodRegistration.Controllers.ItemAPIController (api).
2024-11-24 21:17:08.217 +01:00 [INF] Executing OkObjectResult, writing value of type 'System.Linq.Enumerable+SelectListIterator`2[[FoodRegistration.Models.Item, api, Version=1.0.0.0, Culture=neutral, PublicKeyToken=null],[FoodRegistration.DTOs.ItemDto, api, Version=1.0.0.0, Culture=neutral, PublicKeyToken=null]]'.
2024-11-24 21:17:08.218 +01:00 [INF] Executed action FoodRegistration.Controllers.ItemAPIController.GetItems (api) in 5.3609ms
2024-11-24 21:17:08.218 +01:00 [INF] Executed endpoint 'FoodRegistration.Controllers.ItemAPIController.GetItems (api)'
2024-11-24 21:17:08.218 +01:00 [INF] Request finished HTTP/1.1 GET http://localhost:5244/api/itemapi/items - 200 1122 application/json; charset=utf-8 14.9098ms
2024-11-24 21:17:08.220 +01:00 [INF] Request starting HTTP/1.1 GET http://localhost:5244/api/itemapi/items - null null
2024-11-24 21:17:08.221 +01:00 [INF] CORS policy execution successful.
2024-11-24 21:17:08.221 +01:00 [INF] Executing endpoint 'FoodRegistration.Controllers.ItemAPIController.GetItems (api)'
2024-11-24 21:17:08.221 +01:00 [INF] Route matched with {action = "GetItems", controller = "ItemAPI"}. Executing controller action with signature System.Threading.Tasks.Task`1[Microsoft.AspNetCore.Mvc.IActionResult] GetItems() on controller FoodRegistration.Controllers.ItemAPIController (api).
2024-11-24 21:17:08.226 +01:00 [INF] Executing OkObjectResult, writing value of type 'System.Linq.Enumerable+SelectListIterator`2[[FoodRegistration.Models.Item, api, Version=1.0.0.0, Culture=neutral, PublicKeyToken=null],[FoodRegistration.DTOs.ItemDto, api, Version=1.0.0.0, Culture=neutral, PublicKeyToken=null]]'.
2024-11-24 21:17:08.227 +01:00 [INF] Executed action FoodRegistration.Controllers.ItemAPIController.GetItems (api) in 5.6683ms
2024-11-24 21:17:08.227 +01:00 [INF] Executed endpoint 'FoodRegistration.Controllers.ItemAPIController.GetItems (api)'
2024-11-24 21:17:08.227 +01:00 [INF] Request finished HTTP/1.1 GET http://localhost:5244/api/itemapi/items - 200 1122 application/json; charset=utf-8 7.2885ms
2024-11-24 21:17:08.271 +01:00 [INF] Request starting HTTP/1.1 GET http://localhost:5244/images/apple.jpg - null null
2024-11-24 21:17:08.272 +01:00 [INF] Request finished HTTP/1.1 GET http://localhost:5244/images/apple.jpg - 404 0 null 1.0648ms
2024-11-24 21:17:08.272 +01:00 [INF] Request reached the end of the middleware pipeline without being handled by application code. Request path: GET http://localhost:5244/images/apple.jpg, Response status code: 404
2024-11-24 21:17:08.272 +01:00 [INF] Request starting HTTP/1.1 GET http://localhost:5244/images/banana.jpg - null null
2024-11-24 21:17:08.274 +01:00 [INF] Request starting HTTP/1.1 GET http://localhost:5244/ - null null
2024-11-24 21:17:08.274 +01:00 [INF] Request finished HTTP/1.1 GET http://localhost:5244/images/banana.jpg - 404 0 null 1.5964ms
2024-11-24 21:17:08.277 +01:00 [INF] Request reached the end of the middleware pipeline without being handled by application code. Request path: GET http://localhost:5244/images/banana.jpg, Response status code: 404
2024-11-24 21:17:08.279 +01:00 [INF] Request finished HTTP/1.1 GET http://localhost:5244/ - 404 0 null 5.3787ms
2024-11-24 21:17:08.279 +01:00 [INF] Request reached the end of the middleware pipeline without being handled by application code. Request path: GET http://localhost:5244/, Response status code: 404
2024-11-24 21:17:13.441 +01:00 [INF] Request starting HTTP/1.1 GET http://localhost:5244/api/itemapi/items - null null
2024-11-24 21:17:13.442 +01:00 [INF] CORS policy execution successful.
2024-11-24 21:17:13.442 +01:00 [INF] Executing endpoint 'FoodRegistration.Controllers.ItemAPIController.GetItems (api)'
2024-11-24 21:17:13.442 +01:00 [INF] Route matched with {action = "GetItems", controller = "ItemAPI"}. Executing controller action with signature System.Threading.Tasks.Task`1[Microsoft.AspNetCore.Mvc.IActionResult] GetItems() on controller FoodRegistration.Controllers.ItemAPIController (api).
2024-11-24 21:17:13.446 +01:00 [INF] Executing OkObjectResult, writing value of type 'System.Linq.Enumerable+SelectListIterator`2[[FoodRegistration.Models.Item, api, Version=1.0.0.0, Culture=neutral, PublicKeyToken=null],[FoodRegistration.DTOs.ItemDto, api, Version=1.0.0.0, Culture=neutral, PublicKeyToken=null]]'.
2024-11-24 21:17:13.447 +01:00 [INF] Executed action FoodRegistration.Controllers.ItemAPIController.GetItems (api) in 4.6729ms
2024-11-24 21:17:13.447 +01:00 [INF] Executed endpoint 'FoodRegistration.Controllers.ItemAPIController.GetItems (api)'
2024-11-24 21:17:13.447 +01:00 [INF] Request finished HTTP/1.1 GET http://localhost:5244/api/itemapi/items - 200 1122 application/json; charset=utf-8 5.7031ms
2024-11-24 21:17:13.448 +01:00 [INF] Request starting HTTP/1.1 GET http://localhost:5244/api/itemapi/items - null null
2024-11-24 21:17:13.448 +01:00 [INF] CORS policy execution successful.
2024-11-24 21:17:13.448 +01:00 [INF] Executing endpoint 'FoodRegistration.Controllers.ItemAPIController.GetItems (api)'
2024-11-24 21:17:13.448 +01:00 [INF] Route matched with {action = "GetItems", controller = "ItemAPI"}. Executing controller action with signature System.Threading.Tasks.Task`1[Microsoft.AspNetCore.Mvc.IActionResult] GetItems() on controller FoodRegistration.Controllers.ItemAPIController (api).
2024-11-24 21:17:13.456 +01:00 [INF] Executing OkObjectResult, writing value of type 'System.Linq.Enumerable+SelectListIterator`2[[FoodRegistration.Models.Item, api, Version=1.0.0.0, Culture=neutral, PublicKeyToken=null],[FoodRegistration.DTOs.ItemDto, api, Version=1.0.0.0, Culture=neutral, PublicKeyToken=null]]'.
2024-11-24 21:17:13.456 +01:00 [INF] Executed action FoodRegistration.Controllers.ItemAPIController.GetItems (api) in 7.5462ms
2024-11-24 21:17:13.456 +01:00 [INF] Executed endpoint 'FoodRegistration.Controllers.ItemAPIController.GetItems (api)'
2024-11-24 21:17:13.456 +01:00 [INF] Request finished HTTP/1.1 GET http://localhost:5244/api/itemapi/items - 200 1122 application/json; charset=utf-8 8.2051ms
2024-11-24 21:17:13.478 +01:00 [INF] Request starting HTTP/1.1 GET http://localhost:5244/images/apple.jpg - null null
2024-11-24 21:17:13.478 +01:00 [INF] Request starting HTTP/1.1 GET http://localhost:5244/images/banana.jpg - null null
2024-11-24 21:17:13.478 +01:00 [INF] Request starting HTTP/1.1 GET http://localhost:5244/ - null null
2024-11-24 21:17:13.479 +01:00 [INF] Request finished HTTP/1.1 GET http://localhost:5244/images/banana.jpg - 404 0 null 0.7271ms
2024-11-24 21:17:13.479 +01:00 [INF] Request finished HTTP/1.1 GET http://localhost:5244/ - 404 0 null 0.3959ms
2024-11-24 21:17:13.479 +01:00 [INF] Request finished HTTP/1.1 GET http://localhost:5244/images/apple.jpg - 404 0 null 0.7244ms
2024-11-24 21:17:13.479 +01:00 [INF] Request reached the end of the middleware pipeline without being handled by application code. Request path: GET http://localhost:5244/images/apple.jpg, Response status code: 404
2024-11-24 21:17:13.479 +01:00 [INF] Request reached the end of the middleware pipeline without being handled by application code. Request path: GET http://localhost:5244/images/banana.jpg, Response status code: 404
2024-11-24 21:17:13.479 +01:00 [INF] Request reached the end of the middleware pipeline without being handled by application code. Request path: GET http://localhost:5244/, Response status code: 404
2024-11-24 21:17:38.395 +01:00 [INF] Request starting HTTP/1.1 OPTIONS http://localhost:5244/api/itemapi/items/3 - null null
2024-11-24 21:17:38.398 +01:00 [INF] CORS policy execution successful.
2024-11-24 21:17:38.398 +01:00 [INF] Request finished HTTP/1.1 OPTIONS http://localhost:5244/api/itemapi/items/3 - 204 null null 2.9703ms
2024-11-24 21:17:38.404 +01:00 [INF] Request starting HTTP/1.1 DELETE http://localhost:5244/api/itemapi/items/3 - null null
2024-11-24 21:17:38.406 +01:00 [INF] CORS policy execution successful.
2024-11-24 21:17:38.406 +01:00 [INF] Executing endpoint 'FoodRegistration.Controllers.ItemAPIController.DeleteItem (api)'
2024-11-24 21:17:38.406 +01:00 [INF] Route matched with {action = "DeleteItem", controller = "ItemAPI"}. Executing controller action with signature System.Threading.Tasks.Task`1[Microsoft.AspNetCore.Mvc.IActionResult] DeleteItem(Int32) on controller FoodRegistration.Controllers.ItemAPIController (api).
2024-11-24 21:17:38.419 +01:00 [INF] Executing StatusCodeResult, setting HTTP status code 204
2024-11-24 21:17:38.419 +01:00 [INF] Executed action FoodRegistration.Controllers.ItemAPIController.DeleteItem (api) in 12.8429ms
2024-11-24 21:17:38.419 +01:00 [INF] Executed endpoint 'FoodRegistration.Controllers.ItemAPIController.DeleteItem (api)'
2024-11-24 21:17:38.419 +01:00 [INF] Request finished HTTP/1.1 DELETE http://localhost:5244/api/itemapi/items/3 - 204 null null 15.3574ms
2024-11-24 21:18:57.426 +01:00 [INF] Request starting HTTP/1.1 OPTIONS http://localhost:5244/api/itemapi/items - null null
2024-11-24 21:18:57.436 +01:00 [INF] CORS policy execution successful.
2024-11-24 21:18:57.436 +01:00 [INF] Request finished HTTP/1.1 OPTIONS http://localhost:5244/api/itemapi/items - 204 null null 9.9704ms
2024-11-24 21:18:57.438 +01:00 [INF] Request starting HTTP/1.1 POST http://localhost:5244/api/itemapi/items - application/json 262
2024-11-24 21:18:57.442 +01:00 [INF] CORS policy execution successful.
2024-11-24 21:18:57.442 +01:00 [INF] Executing endpoint 'FoodRegistration.Controllers.ItemAPIController.CreateItem (api)'
2024-11-24 21:18:57.442 +01:00 [INF] Route matched with {action = "CreateItem", controller = "ItemAPI"}. Executing controller action with signature System.Threading.Tasks.Task`1[Microsoft.AspNetCore.Mvc.IActionResult] CreateItem(FoodRegistration.Models.Item) on controller FoodRegistration.Controllers.ItemAPIController (api).
2024-11-24 21:18:57.459 +01:00 [INF] Executing CreatedAtActionResult, writing value of type 'FoodRegistration.Models.Item'.
2024-11-24 21:18:57.469 +01:00 [INF] Executed action FoodRegistration.Controllers.ItemAPIController.CreateItem (api) in 25.8336ms
2024-11-24 21:18:57.470 +01:00 [INF] Executed endpoint 'FoodRegistration.Controllers.ItemAPIController.CreateItem (api)'
2024-11-24 21:18:57.470 +01:00 [INF] Request finished HTTP/1.1 POST http://localhost:5244/api/itemapi/items - 201 359 application/json; charset=utf-8 31.6024ms
2024-11-24 21:18:57.483 +01:00 [INF] Request starting HTTP/1.1 GET http://localhost:5244/api/itemapi/items - null null
2024-11-24 21:18:57.483 +01:00 [INF] CORS policy execution successful.
2024-11-24 21:18:57.483 +01:00 [INF] Executing endpoint 'FoodRegistration.Controllers.ItemAPIController.GetItems (api)'
2024-11-24 21:18:57.483 +01:00 [INF] Route matched with {action = "GetItems", controller = "ItemAPI"}. Executing controller action with signature System.Threading.Tasks.Task`1[Microsoft.AspNetCore.Mvc.IActionResult] GetItems() on controller FoodRegistration.Controllers.ItemAPIController (api).
2024-11-24 21:18:57.488 +01:00 [INF] Executing OkObjectResult, writing value of type 'System.Linq.Enumerable+SelectListIterator`2[[FoodRegistration.Models.Item, api, Version=1.0.0.0, Culture=neutral, PublicKeyToken=null],[FoodRegistration.DTOs.ItemDto, api, Version=1.0.0.0, Culture=neutral, PublicKeyToken=null]]'.
2024-11-24 21:18:57.489 +01:00 [INF] Executed action FoodRegistration.Controllers.ItemAPIController.GetItems (api) in 5.7964ms
2024-11-24 21:18:57.489 +01:00 [INF] Executed endpoint 'FoodRegistration.Controllers.ItemAPIController.GetItems (api)'
2024-11-24 21:18:57.489 +01:00 [INF] Request finished HTTP/1.1 GET http://localhost:5244/api/itemapi/items - 200 1122 application/json; charset=utf-8 6.5668ms
2024-11-24 21:18:57.491 +01:00 [INF] Request starting HTTP/1.1 GET http://localhost:5244/api/itemapi/items - null null
2024-11-24 21:18:57.492 +01:00 [INF] CORS policy execution successful.
2024-11-24 21:18:57.492 +01:00 [INF] Executing endpoint 'FoodRegistration.Controllers.ItemAPIController.GetItems (api)'
2024-11-24 21:18:57.492 +01:00 [INF] Route matched with {action = "GetItems", controller = "ItemAPI"}. Executing controller action with signature System.Threading.Tasks.Task`1[Microsoft.AspNetCore.Mvc.IActionResult] GetItems() on controller FoodRegistration.Controllers.ItemAPIController (api).
2024-11-24 21:18:57.497 +01:00 [INF] Executing OkObjectResult, writing value of type 'System.Linq.Enumerable+SelectListIterator`2[[FoodRegistration.Models.Item, api, Version=1.0.0.0, Culture=neutral, PublicKeyToken=null],[FoodRegistration.DTOs.ItemDto, api, Version=1.0.0.0, Culture=neutral, PublicKeyToken=null]]'.
2024-11-24 21:18:57.497 +01:00 [INF] Executed action FoodRegistration.Controllers.ItemAPIController.GetItems (api) in 5.2027ms
2024-11-24 21:18:57.497 +01:00 [INF] Executed endpoint 'FoodRegistration.Controllers.ItemAPIController.GetItems (api)'
2024-11-24 21:18:57.497 +01:00 [INF] Request finished HTTP/1.1 GET http://localhost:5244/api/itemapi/items - 200 1122 application/json; charset=utf-8 5.6864ms
2024-11-24 21:18:57.512 +01:00 [INF] Request starting HTTP/1.1 GET http://localhost:5244/images/apple.jpg - null null
2024-11-24 21:18:57.512 +01:00 [INF] Request starting HTTP/1.1 GET http://localhost:5244/images/banana.jpg - null null
2024-11-24 21:18:57.512 +01:00 [INF] Request starting HTTP/1.1 GET http://localhost:5244/ - null null
2024-11-24 21:18:57.513 +01:00 [INF] Request finished HTTP/1.1 GET http://localhost:5244/ - 404 0 null 0.354ms
2024-11-24 21:18:57.513 +01:00 [INF] Request reached the end of the middleware pipeline without being handled by application code. Request path: GET http://localhost:5244/, Response status code: 404
2024-11-24 21:18:57.513 +01:00 [INF] Request finished HTTP/1.1 GET http://localhost:5244/images/banana.jpg - 404 0 null 0.5106ms
2024-11-24 21:18:57.513 +01:00 [INF] Request reached the end of the middleware pipeline without being handled by application code. Request path: GET http://localhost:5244/images/banana.jpg, Response status code: 404
2024-11-24 21:18:57.513 +01:00 [INF] Request finished HTTP/1.1 GET http://localhost:5244/images/apple.jpg - 404 0 null 0.5299ms
2024-11-24 21:18:57.513 +01:00 [INF] Request reached the end of the middleware pipeline without being handled by application code. Request path: GET http://localhost:5244/images/apple.jpg, Response status code: 404
2024-11-24 21:19:28.396 +01:00 [INF] Request starting HTTP/1.1 GET http://localhost:5244/api/itemapi/items - null null
2024-11-24 21:19:28.396 +01:00 [INF] CORS policy execution successful.
2024-11-24 21:19:28.396 +01:00 [INF] Executing endpoint 'FoodRegistration.Controllers.ItemAPIController.GetItems (api)'
2024-11-24 21:19:28.396 +01:00 [INF] Route matched with {action = "GetItems", controller = "ItemAPI"}. Executing controller action with signature System.Threading.Tasks.Task`1[Microsoft.AspNetCore.Mvc.IActionResult] GetItems() on controller FoodRegistration.Controllers.ItemAPIController (api).
2024-11-24 21:19:28.412 +01:00 [INF] Executing OkObjectResult, writing value of type 'System.Linq.Enumerable+SelectListIterator`2[[FoodRegistration.Models.Item, api, Version=1.0.0.0, Culture=neutral, PublicKeyToken=null],[FoodRegistration.DTOs.ItemDto, api, Version=1.0.0.0, Culture=neutral, PublicKeyToken=null]]'.
2024-11-24 21:19:28.413 +01:00 [INF] Executed action FoodRegistration.Controllers.ItemAPIController.GetItems (api) in 14.4502ms
2024-11-24 21:19:28.413 +01:00 [INF] Executed endpoint 'FoodRegistration.Controllers.ItemAPIController.GetItems (api)'
2024-11-24 21:19:28.413 +01:00 [INF] Request finished HTTP/1.1 GET http://localhost:5244/api/itemapi/items - 200 1122 application/json; charset=utf-8 17.6189ms
2024-11-24 21:19:28.415 +01:00 [INF] Request starting HTTP/1.1 GET http://localhost:5244/api/itemapi/items - null null
2024-11-24 21:19:28.416 +01:00 [INF] CORS policy execution successful.
2024-11-24 21:19:28.416 +01:00 [INF] Executing endpoint 'FoodRegistration.Controllers.ItemAPIController.GetItems (api)'
2024-11-24 21:19:28.416 +01:00 [INF] Route matched with {action = "GetItems", controller = "ItemAPI"}. Executing controller action with signature System.Threading.Tasks.Task`1[Microsoft.AspNetCore.Mvc.IActionResult] GetItems() on controller FoodRegistration.Controllers.ItemAPIController (api).
2024-11-24 21:19:28.423 +01:00 [INF] Executing OkObjectResult, writing value of type 'System.Linq.Enumerable+SelectListIterator`2[[FoodRegistration.Models.Item, api, Version=1.0.0.0, Culture=neutral, PublicKeyToken=null],[FoodRegistration.DTOs.ItemDto, api, Version=1.0.0.0, Culture=neutral, PublicKeyToken=null]]'.
2024-11-24 21:19:28.423 +01:00 [INF] Executed action FoodRegistration.Controllers.ItemAPIController.GetItems (api) in 7.1477ms
2024-11-24 21:19:28.423 +01:00 [INF] Executed endpoint 'FoodRegistration.Controllers.ItemAPIController.GetItems (api)'
2024-11-24 21:19:28.423 +01:00 [INF] Request finished HTTP/1.1 GET http://localhost:5244/api/itemapi/items - 200 1122 application/json; charset=utf-8 8.0895ms
2024-11-24 21:19:28.476 +01:00 [INF] Request starting HTTP/1.1 GET http://localhost:5244/images/apple.jpg - null null
2024-11-24 21:19:28.476 +01:00 [INF] Request starting HTTP/1.1 GET http://localhost:5244/images/banana.jpg - null null
2024-11-24 21:19:28.477 +01:00 [INF] Request finished HTTP/1.1 GET http://localhost:5244/images/banana.jpg - 404 0 null 0.6741ms
2024-11-24 21:19:28.477 +01:00 [INF] Request reached the end of the middleware pipeline without being handled by application code. Request path: GET http://localhost:5244/images/banana.jpg, Response status code: 404
2024-11-24 21:19:28.477 +01:00 [INF] Request finished HTTP/1.1 GET http://localhost:5244/images/apple.jpg - 404 0 null 0.8254ms
2024-11-24 21:19:28.477 +01:00 [INF] Request reached the end of the middleware pipeline without being handled by application code. Request path: GET http://localhost:5244/images/apple.jpg, Response status code: 404
2024-11-24 21:19:28.477 +01:00 [INF] Request starting HTTP/1.1 GET http://localhost:5244/ - null null
2024-11-24 21:19:28.478 +01:00 [INF] Request finished HTTP/1.1 GET http://localhost:5244/ - 404 0 null 0.2085ms
2024-11-24 21:19:28.479 +01:00 [INF] Request reached the end of the middleware pipeline without being handled by application code. Request path: GET http://localhost:5244/, Response status code: 404
2024-11-24 21:19:30.386 +01:00 [INF] Request starting HTTP/1.1 GET http://localhost:5244/api/itemapi/items - null null
2024-11-24 21:19:30.387 +01:00 [INF] CORS policy execution successful.
2024-11-24 21:19:30.387 +01:00 [INF] Executing endpoint 'FoodRegistration.Controllers.ItemAPIController.GetItems (api)'
2024-11-24 21:19:30.387 +01:00 [INF] Route matched with {action = "GetItems", controller = "ItemAPI"}. Executing controller action with signature System.Threading.Tasks.Task`1[Microsoft.AspNetCore.Mvc.IActionResult] GetItems() on controller FoodRegistration.Controllers.ItemAPIController (api).
2024-11-24 21:19:30.392 +01:00 [INF] Executing OkObjectResult, writing value of type 'System.Linq.Enumerable+SelectListIterator`2[[FoodRegistration.Models.Item, api, Version=1.0.0.0, Culture=neutral, PublicKeyToken=null],[FoodRegistration.DTOs.ItemDto, api, Version=1.0.0.0, Culture=neutral, PublicKeyToken=null]]'.
2024-11-24 21:19:30.393 +01:00 [INF] Executed action FoodRegistration.Controllers.ItemAPIController.GetItems (api) in 5.9335ms
2024-11-24 21:19:30.393 +01:00 [INF] Executed endpoint 'FoodRegistration.Controllers.ItemAPIController.GetItems (api)'
2024-11-24 21:19:30.393 +01:00 [INF] Request finished HTTP/1.1 GET http://localhost:5244/api/itemapi/items - 200 1122 application/json; charset=utf-8 6.7244ms
2024-11-24 21:19:30.395 +01:00 [INF] Request starting HTTP/1.1 GET http://localhost:5244/api/itemapi/items - null null
2024-11-24 21:19:30.395 +01:00 [INF] CORS policy execution successful.
2024-11-24 21:19:30.395 +01:00 [INF] Executing endpoint 'FoodRegistration.Controllers.ItemAPIController.GetItems (api)'
2024-11-24 21:19:30.395 +01:00 [INF] Route matched with {action = "GetItems", controller = "ItemAPI"}. Executing controller action with signature System.Threading.Tasks.Task`1[Microsoft.AspNetCore.Mvc.IActionResult] GetItems() on controller FoodRegistration.Controllers.ItemAPIController (api).
2024-11-24 21:19:30.401 +01:00 [INF] Executing OkObjectResult, writing value of type 'System.Linq.Enumerable+SelectListIterator`2[[FoodRegistration.Models.Item, api, Version=1.0.0.0, Culture=neutral, PublicKeyToken=null],[FoodRegistration.DTOs.ItemDto, api, Version=1.0.0.0, Culture=neutral, PublicKeyToken=null]]'.
2024-11-24 21:19:30.402 +01:00 [INF] Executed action FoodRegistration.Controllers.ItemAPIController.GetItems (api) in 6.5423ms
2024-11-24 21:19:30.402 +01:00 [INF] Executed endpoint 'FoodRegistration.Controllers.ItemAPIController.GetItems (api)'
2024-11-24 21:19:30.402 +01:00 [INF] Request finished HTTP/1.1 GET http://localhost:5244/api/itemapi/items - 200 1122 application/json; charset=utf-8 7.2787ms
2024-11-24 21:19:30.420 +01:00 [INF] Request starting HTTP/1.1 GET http://localhost:5244/images/banana.jpg - null null
2024-11-24 21:19:30.420 +01:00 [INF] Request starting HTTP/1.1 GET http://localhost:5244/images/apple.jpg - null null
2024-11-24 21:19:30.420 +01:00 [INF] Request finished HTTP/1.1 GET http://localhost:5244/images/banana.jpg - 404 0 null 0.6202ms
2024-11-24 21:19:30.420 +01:00 [INF] Request finished HTTP/1.1 GET http://localhost:5244/images/apple.jpg - 404 0 null 0.6195ms
2024-11-24 21:19:30.420 +01:00 [INF] Request reached the end of the middleware pipeline without being handled by application code. Request path: GET http://localhost:5244/images/banana.jpg, Response status code: 404
2024-11-24 21:19:30.420 +01:00 [INF] Request reached the end of the middleware pipeline without being handled by application code. Request path: GET http://localhost:5244/images/apple.jpg, Response status code: 404
2024-11-24 21:19:30.421 +01:00 [INF] Request starting HTTP/1.1 GET http://localhost:5244/ - null null
2024-11-24 21:19:30.421 +01:00 [INF] Request finished HTTP/1.1 GET http://localhost:5244/ - 404 0 null 0.0814ms
2024-11-24 21:19:30.421 +01:00 [INF] Request reached the end of the middleware pipeline without being handled by application code. Request path: GET http://localhost:5244/, Response status code: 404
2024-11-24 21:21:51.747 +01:00 [INF] Request starting HTTP/1.1 GET http://localhost:5244/api/itemapi/items - null null
2024-11-24 21:21:51.747 +01:00 [INF] CORS policy execution successful.
2024-11-24 21:21:51.748 +01:00 [INF] Executing endpoint 'FoodRegistration.Controllers.ItemAPIController.GetItems (api)'
2024-11-24 21:21:51.748 +01:00 [INF] Route matched with {action = "GetItems", controller = "ItemAPI"}. Executing controller action with signature System.Threading.Tasks.Task`1[Microsoft.AspNetCore.Mvc.IActionResult] GetItems() on controller FoodRegistration.Controllers.ItemAPIController (api).
2024-11-24 21:21:51.788 +01:00 [INF] Executing OkObjectResult, writing value of type 'System.Linq.Enumerable+SelectListIterator`2[[FoodRegistration.Models.Item, api, Version=1.0.0.0, Culture=neutral, PublicKeyToken=null],[FoodRegistration.DTOs.ItemDto, api, Version=1.0.0.0, Culture=neutral, PublicKeyToken=null]]'.
2024-11-24 21:21:51.788 +01:00 [INF] Executed action FoodRegistration.Controllers.ItemAPIController.GetItems (api) in 40.502ms
2024-11-24 21:21:51.788 +01:00 [INF] Executed endpoint 'FoodRegistration.Controllers.ItemAPIController.GetItems (api)'
2024-11-24 21:21:51.789 +01:00 [INF] Request finished HTTP/1.1 GET http://localhost:5244/api/itemapi/items - 200 1122 application/json; charset=utf-8 41.6504ms
2024-11-24 21:21:51.790 +01:00 [INF] Request starting HTTP/1.1 GET http://localhost:5244/api/itemapi/items - null null
2024-11-24 21:21:51.790 +01:00 [INF] CORS policy execution successful.
2024-11-24 21:21:51.790 +01:00 [INF] Executing endpoint 'FoodRegistration.Controllers.ItemAPIController.GetItems (api)'
2024-11-24 21:21:51.791 +01:00 [INF] Route matched with {action = "GetItems", controller = "ItemAPI"}. Executing controller action with signature System.Threading.Tasks.Task`1[Microsoft.AspNetCore.Mvc.IActionResult] GetItems() on controller FoodRegistration.Controllers.ItemAPIController (api).
2024-11-24 21:21:51.797 +01:00 [INF] Request starting HTTP/1.1 GET http://localhost:5244/images/apple.jpg - null null
2024-11-24 21:21:51.798 +01:00 [INF] Executing OkObjectResult, writing value of type 'System.Linq.Enumerable+SelectListIterator`2[[FoodRegistration.Models.Item, api, Version=1.0.0.0, Culture=neutral, PublicKeyToken=null],[FoodRegistration.DTOs.ItemDto, api, Version=1.0.0.0, Culture=neutral, PublicKeyToken=null]]'.
2024-11-24 21:21:51.798 +01:00 [INF] Request starting HTTP/1.1 GET http://localhost:5244/images/banana.jpg - null null
2024-11-24 21:21:51.799 +01:00 [INF] Request finished HTTP/1.1 GET http://localhost:5244/images/apple.jpg - 404 0 null 1.9333ms
2024-11-24 21:21:51.801 +01:00 [INF] Executed action FoodRegistration.Controllers.ItemAPIController.GetItems (api) in 7.5705ms
2024-11-24 21:21:51.802 +01:00 [INF] Executed endpoint 'FoodRegistration.Controllers.ItemAPIController.GetItems (api)'
2024-11-24 21:21:51.802 +01:00 [INF] Request finished HTTP/1.1 GET http://localhost:5244/api/itemapi/items - 200 1122 application/json; charset=utf-8 11.7969ms
2024-11-24 21:21:51.802 +01:00 [INF] Request starting HTTP/1.1 GET http://localhost:5244/ - null null
2024-11-24 21:21:51.802 +01:00 [INF] Request finished HTTP/1.1 GET http://localhost:5244/ - 404 0 null 0.1243ms
2024-11-24 21:21:51.802 +01:00 [INF] Request reached the end of the middleware pipeline without being handled by application code. Request path: GET http://localhost:5244/, Response status code: 404
2024-11-24 21:21:51.802 +01:00 [INF] Request reached the end of the middleware pipeline without being handled by application code. Request path: GET http://localhost:5244/images/apple.jpg, Response status code: 404
2024-11-24 21:21:51.802 +01:00 [INF] Request finished HTTP/1.1 GET http://localhost:5244/images/banana.jpg - 404 0 null 3.7477ms
2024-11-24 21:21:51.806 +01:00 [INF] Request reached the end of the middleware pipeline without being handled by application code. Request path: GET http://localhost:5244/images/banana.jpg, Response status code: 404
2024-11-24 21:22:45.693 +01:00 [INF] Request starting HTTP/1.1 GET http://localhost:5244/api/itemapi/items - null null
2024-11-24 21:22:45.693 +01:00 [INF] CORS policy execution successful.
2024-11-24 21:22:45.693 +01:00 [INF] Executing endpoint 'FoodRegistration.Controllers.ItemAPIController.GetItems (api)'
2024-11-24 21:22:45.693 +01:00 [INF] Route matched with {action = "GetItems", controller = "ItemAPI"}. Executing controller action with signature System.Threading.Tasks.Task`1[Microsoft.AspNetCore.Mvc.IActionResult] GetItems() on controller FoodRegistration.Controllers.ItemAPIController (api).
2024-11-24 21:22:45.698 +01:00 [INF] Executing OkObjectResult, writing value of type 'System.Linq.Enumerable+SelectListIterator`2[[FoodRegistration.Models.Item, api, Version=1.0.0.0, Culture=neutral, PublicKeyToken=null],[FoodRegistration.DTOs.ItemDto, api, Version=1.0.0.0, Culture=neutral, PublicKeyToken=null]]'.
2024-11-24 21:22:45.699 +01:00 [INF] Executed action FoodRegistration.Controllers.ItemAPIController.GetItems (api) in 5.4128ms
2024-11-24 21:22:45.699 +01:00 [INF] Executed endpoint 'FoodRegistration.Controllers.ItemAPIController.GetItems (api)'
2024-11-24 21:22:45.699 +01:00 [INF] Request finished HTTP/1.1 GET http://localhost:5244/api/itemapi/items - 200 1122 application/json; charset=utf-8 6.7834ms
2024-11-24 21:22:45.701 +01:00 [INF] Request starting HTTP/1.1 GET http://localhost:5244/api/itemapi/items - null null
2024-11-24 21:22:45.705 +01:00 [INF] CORS policy execution successful.
2024-11-24 21:22:45.705 +01:00 [INF] Executing endpoint 'FoodRegistration.Controllers.ItemAPIController.GetItems (api)'
2024-11-24 21:22:45.708 +01:00 [INF] Route matched with {action = "GetItems", controller = "ItemAPI"}. Executing controller action with signature System.Threading.Tasks.Task`1[Microsoft.AspNetCore.Mvc.IActionResult] GetItems() on controller FoodRegistration.Controllers.ItemAPIController (api).
2024-11-24 21:22:45.712 +01:00 [INF] Executing OkObjectResult, writing value of type 'System.Linq.Enumerable+SelectListIterator`2[[FoodRegistration.Models.Item, api, Version=1.0.0.0, Culture=neutral, PublicKeyToken=null],[FoodRegistration.DTOs.ItemDto, api, Version=1.0.0.0, Culture=neutral, PublicKeyToken=null]]'.
2024-11-24 21:22:45.712 +01:00 [INF] Executed action FoodRegistration.Controllers.ItemAPIController.GetItems (api) in 4.2868ms
2024-11-24 21:22:45.712 +01:00 [INF] Executed endpoint 'FoodRegistration.Controllers.ItemAPIController.GetItems (api)'
2024-11-24 21:22:45.712 +01:00 [INF] Request finished HTTP/1.1 GET http://localhost:5244/api/itemapi/items - 200 1122 application/json; charset=utf-8 11.7788ms
2024-11-24 21:22:45.725 +01:00 [INF] Request starting HTTP/1.1 GET http://localhost:5244/images/apple.jpg - null null
2024-11-24 21:22:45.725 +01:00 [INF] Request starting HTTP/1.1 GET http://localhost:5244/images/banana.jpg - null null
2024-11-24 21:22:45.725 +01:00 [INF] Request finished HTTP/1.1 GET http://localhost:5244/images/banana.jpg - 404 0 null 0.6032ms
2024-11-24 21:22:45.726 +01:00 [INF] Request reached the end of the middleware pipeline without being handled by application code. Request path: GET http://localhost:5244/images/banana.jpg, Response status code: 404
2024-11-24 21:22:45.726 +01:00 [INF] Request finished HTTP/1.1 GET http://localhost:5244/images/apple.jpg - 404 0 null 0.9907ms
2024-11-24 21:22:45.726 +01:00 [INF] Request reached the end of the middleware pipeline without being handled by application code. Request path: GET http://localhost:5244/images/apple.jpg, Response status code: 404
2024-11-24 21:22:45.726 +01:00 [INF] Request starting HTTP/1.1 GET http://localhost:5244/ - null null
2024-11-24 21:22:45.726 +01:00 [INF] Request finished HTTP/1.1 GET http://localhost:5244/ - 404 0 null 0.2822ms
2024-11-24 21:22:45.727 +01:00 [INF] Request reached the end of the middleware pipeline without being handled by application code. Request path: GET http://localhost:5244/, Response status code: 404
