2024-11-22 16:23:51.597 +01:00 [INF] Now listening on: https://localhost:7217
2024-11-22 16:23:51.605 +01:00 [INF] Now listening on: http://localhost:5244
2024-11-22 16:23:51.609 +01:00 [INF] Application started. Press Ctrl+C to shut down.
2024-11-22 16:23:51.611 +01:00 [INF] Hosting environment: Development
2024-11-22 16:23:51.612 +01:00 [INF] Content root path: C:\Users\tine_\OneDrive\Skrivebord\ITPE-Eksamen\sub2\FoodRegistration\FoodRegistrationReact\api
2024-11-22 16:24:05.351 +01:00 [INF] Request starting HTTP/1.1 GET http://localhost:5244/images/userLogo.png - null null
2024-11-22 16:24:05.351 +01:00 [INF] Request starting HTTP/1.1 GET http://localhost:5244/images/logoHvit.ico - null null
2024-11-22 16:24:05.401 +01:00 [INF] The file /images/logoHvit.ico was not modified
2024-11-22 16:24:05.401 +01:00 [INF] The file /images/userLogo.png was not modified
2024-11-22 16:24:05.416 +01:00 [INF] Request finished HTTP/1.1 GET http://localhost:5244/images/userLogo.png - 304 null image/png 67.1119ms
2024-11-22 16:24:05.416 +01:00 [INF] Request finished HTTP/1.1 GET http://localhost:5244/images/logoHvit.ico - 304 null image/x-icon 67.1112ms
2024-11-22 16:24:05.459 +01:00 [INF] Request starting HTTP/1.1 GET http://localhost:5244/api/itemapi/items - null null
2024-11-22 16:24:05.492 +01:00 [INF] CORS policy execution successful.
2024-11-22 16:24:05.494 +01:00 [INF] Executing endpoint 'FoodRegistration.Controllers.ItemAPIController.GetItems (api)'
2024-11-22 16:24:05.511 +01:00 [INF] Route matched with {action = "GetItems", controller = "ItemAPI"}. Executing controller action with signature System.Threading.Tasks.Task`1[Microsoft.AspNetCore.Mvc.IActionResult] GetItems() on controller FoodRegistration.Controllers.ItemAPIController (api).
2024-11-22 16:24:05.741 +01:00 [INF] Executing OkObjectResult, writing value of type 'System.Linq.Enumerable+SelectListIterator`2[[FoodRegistration.Models.Item, api, Version=1.0.0.0, Culture=neutral, PublicKeyToken=null],[FoodRegistration.DTOs.ItemDto, api, Version=1.0.0.0, Culture=neutral, PublicKeyToken=null]]'.
2024-11-22 16:24:05.841 +01:00 [INF] Request starting HTTP/1.1 GET http://localhost:5244/api/itemapi/items - null null
2024-11-22 16:24:05.843 +01:00 [INF] Executed action FoodRegistration.Controllers.ItemAPIController.GetItems (api) in 327.6311ms
2024-11-22 16:24:05.844 +01:00 [INF] Executed endpoint 'FoodRegistration.Controllers.ItemAPIController.GetItems (api)'
2024-11-22 16:24:05.847 +01:00 [INF] Request starting HTTP/1.1 GET http://localhost:5244/images/banana.jpg - null null
2024-11-22 16:24:05.847 +01:00 [INF] Request starting HTTP/1.1 GET http://localhost:5244/images/apple.jpg - null null
2024-11-22 16:24:05.888 +01:00 [INF] CORS policy execution successful.
2024-11-22 16:24:05.890 +01:00 [INF] Executing endpoint 'FoodRegistration.Controllers.ItemAPIController.GetItems (api)'
2024-11-22 16:24:05.890 +01:00 [INF] Route matched with {action = "GetItems", controller = "ItemAPI"}. Executing controller action with signature System.Threading.Tasks.Task`1[Microsoft.AspNetCore.Mvc.IActionResult] GetItems() on controller FoodRegistration.Controllers.ItemAPIController (api).
2024-11-22 16:24:05.891 +01:00 [INF] Request finished HTTP/1.1 GET http://localhost:5244/images/banana.jpg - 404 0 null 43.826ms
2024-11-22 16:24:05.891 +01:00 [INF] Request finished HTTP/1.1 GET http://localhost:5244/images/apple.jpg - 404 0 null 43.8776ms
2024-11-22 16:24:05.893 +01:00 [INF] Request reached the end of the middleware pipeline without being handled by application code. Request path: GET http://localhost:5244/images/apple.jpg, Response status code: 404
2024-11-22 16:24:05.893 +01:00 [INF] Request reached the end of the middleware pipeline without being handled by application code. Request path: GET http://localhost:5244/images/banana.jpg, Response status code: 404
2024-11-22 16:24:05.898 +01:00 [INF] Request finished HTTP/1.1 GET http://localhost:5244/api/itemapi/items - 200 768 application/json; charset=utf-8 439.357ms
2024-11-22 16:24:05.936 +01:00 [INF] Executing OkObjectResult, writing value of type 'System.Linq.Enumerable+SelectListIterator`2[[FoodRegistration.Models.Item, api, Version=1.0.0.0, Culture=neutral, PublicKeyToken=null],[FoodRegistration.DTOs.ItemDto, api, Version=1.0.0.0, Culture=neutral, PublicKeyToken=null]]'.
2024-11-22 16:24:05.937 +01:00 [INF] Executed action FoodRegistration.Controllers.ItemAPIController.GetItems (api) in 46.3782ms
2024-11-22 16:24:05.937 +01:00 [INF] Executed endpoint 'FoodRegistration.Controllers.ItemAPIController.GetItems (api)'
2024-11-22 16:24:05.937 +01:00 [INF] Request finished HTTP/1.1 GET http://localhost:5244/api/itemapi/items - 200 768 application/json; charset=utf-8 96.0062ms
